TN:
SF:src/App.js
FN:54,(anonymous_0)
FN:55,(anonymous_1)
FN:57,(anonymous_2)
FN:88,MainApp
FN:192,(anonymous_4)
FN:224,(anonymous_5)
FN:225,(anonymous_6)
FN:234,(anonymous_7)
FN:251,(anonymous_8)
FN:308,(anonymous_9)
FN:309,(anonymous_10)
FN:335,(anonymous_11)
FN:361,(anonymous_12)
FN:367,(anonymous_13)
FN:412,(anonymous_14)
FN:413,(anonymous_15)
FN:569,(anonymous_16)
FN:574,(anonymous_17)
FN:609,(anonymous_18)
FN:610,(anonymous_19)
FN:628,(anonymous_20)
FN:646,(anonymous_21)
FN:652,(anonymous_22)
FN:674,(anonymous_23)
FN:690,(anonymous_24)
FN:701,(anonymous_25)
FN:710,(anonymous_26)
FN:711,(anonymous_27)
FN:729,(anonymous_28)
FN:743,(anonymous_29)
FN:779,(anonymous_30)
FN:799,(anonymous_31)
FN:821,(anonymous_32)
FN:860,(anonymous_33)
FN:892,(anonymous_34)
FN:903,(anonymous_35)
FN:928,(anonymous_36)
FN:929,(anonymous_37)
FN:937,(anonymous_38)
FN:946,(anonymous_39)
FN:961,(anonymous_40)
FN:961,(anonymous_41)
FN:962,(anonymous_42)
FN:973,(anonymous_43)
FN:1001,(anonymous_44)
FN:1009,(anonymous_45)
FN:1015,(anonymous_46)
FN:1024,(anonymous_47)
FN:1034,(anonymous_48)
FN:1036,(anonymous_49)
FN:1037,(anonymous_50)
FN:1070,(anonymous_51)
FN:1078,(anonymous_52)
FN:1084,(anonymous_53)
FN:1090,(anonymous_54)
FN:1099,(anonymous_55)
FN:1103,(anonymous_56)
FN:1103,(anonymous_57)
FN:1129,(anonymous_58)
FN:1142,(anonymous_59)
FN:1142,(anonymous_60)
FN:1146,(anonymous_61)
FN:1152,(anonymous_62)
FN:1165,(anonymous_63)
FN:1167,(anonymous_64)
FN:1168,(anonymous_65)
FN:1169,(anonymous_66)
FN:1170,(anonymous_67)
FN:1185,(anonymous_68)
FN:1227,(anonymous_69)
FN:1238,(anonymous_70)
FN:1244,(anonymous_71)
FN:1267,(anonymous_72)
FN:1268,(anonymous_73)
FN:1277,(anonymous_74)
FN:1307,(anonymous_75)
FN:1353,(anonymous_76)
FN:1405,(anonymous_77)
FN:1425,(anonymous_78)
FN:1491,(anonymous_79)
FN:1497,(anonymous_80)
FN:1530,(anonymous_81)
FN:1544,App
FN:1586,AppContent
FNF:84
FNH:1
FNDA:0,(anonymous_0)
FNDA:0,(anonymous_1)
FNDA:0,(anonymous_2)
FNDA:0,MainApp
FNDA:0,(anonymous_4)
FNDA:0,(anonymous_5)
FNDA:0,(anonymous_6)
FNDA:0,(anonymous_7)
FNDA:0,(anonymous_8)
FNDA:0,(anonymous_9)
FNDA:0,(anonymous_10)
FNDA:0,(anonymous_11)
FNDA:0,(anonymous_12)
FNDA:0,(anonymous_13)
FNDA:0,(anonymous_14)
FNDA:0,(anonymous_15)
FNDA:0,(anonymous_16)
FNDA:0,(anonymous_17)
FNDA:0,(anonymous_18)
FNDA:0,(anonymous_19)
FNDA:0,(anonymous_20)
FNDA:0,(anonymous_21)
FNDA:0,(anonymous_22)
FNDA:0,(anonymous_23)
FNDA:0,(anonymous_24)
FNDA:0,(anonymous_25)
FNDA:0,(anonymous_26)
FNDA:0,(anonymous_27)
FNDA:0,(anonymous_28)
FNDA:0,(anonymous_29)
FNDA:0,(anonymous_30)
FNDA:0,(anonymous_31)
FNDA:0,(anonymous_32)
FNDA:0,(anonymous_33)
FNDA:0,(anonymous_34)
FNDA:0,(anonymous_35)
FNDA:0,(anonymous_36)
FNDA:0,(anonymous_37)
FNDA:0,(anonymous_38)
FNDA:0,(anonymous_39)
FNDA:0,(anonymous_40)
FNDA:0,(anonymous_41)
FNDA:0,(anonymous_42)
FNDA:0,(anonymous_43)
FNDA:0,(anonymous_44)
FNDA:0,(anonymous_45)
FNDA:0,(anonymous_46)
FNDA:0,(anonymous_47)
FNDA:0,(anonymous_48)
FNDA:0,(anonymous_49)
FNDA:0,(anonymous_50)
FNDA:0,(anonymous_51)
FNDA:0,(anonymous_52)
FNDA:0,(anonymous_53)
FNDA:0,(anonymous_54)
FNDA:0,(anonymous_55)
FNDA:0,(anonymous_56)
FNDA:0,(anonymous_57)
FNDA:0,(anonymous_58)
FNDA:0,(anonymous_59)
FNDA:0,(anonymous_60)
FNDA:0,(anonymous_61)
FNDA:0,(anonymous_62)
FNDA:0,(anonymous_63)
FNDA:0,(anonymous_64)
FNDA:0,(anonymous_65)
FNDA:0,(anonymous_66)
FNDA:0,(anonymous_67)
FNDA:0,(anonymous_68)
FNDA:0,(anonymous_69)
FNDA:0,(anonymous_70)
FNDA:0,(anonymous_71)
FNDA:0,(anonymous_72)
FNDA:0,(anonymous_73)
FNDA:0,(anonymous_74)
FNDA:0,(anonymous_75)
FNDA:0,(anonymous_76)
FNDA:0,(anonymous_77)
FNDA:0,(anonymous_78)
FNDA:0,(anonymous_79)
FNDA:0,(anonymous_80)
FNDA:0,(anonymous_81)
FNDA:3,App
FNDA:0,AppContent
DA:54,1
DA:55,0
DA:57,0
DA:58,0
DA:61,0
DA:64,0
DA:65,0
DA:66,0
DA:70,0
DA:72,0
DA:75,0
DA:76,0
DA:79,0
DA:80,0
DA:83,0
DA:89,0
DA:92,0
DA:102,0
DA:129,0
DA:156,0
DA:173,0
DA:191,0
DA:193,0
DA:194,0
DA:195,0
DA:198,0
DA:199,0
DA:201,0
DA:202,0
DA:204,0
DA:205,0
DA:206,0
DA:209,0
DA:212,0
DA:214,0
DA:217,0
DA:224,0
DA:225,0
DA:226,0
DA:234,0
DA:235,0
DA:236,0
DA:237,0
DA:238,0
DA:239,0
DA:241,0
DA:243,0
DA:246,0
DA:251,0
DA:252,0
DA:253,0
DA:254,0
DA:255,0
DA:258,0
DA:259,0
DA:262,0
DA:263,0
DA:264,0
DA:266,0
DA:267,0
DA:268,0
DA:269,0
DA:270,0
DA:272,0
DA:276,0
DA:277,0
DA:278,0
DA:281,0
DA:282,0
DA:283,0
DA:286,0
DA:287,0
DA:289,0
DA:290,0
DA:291,0
DA:292,0
DA:296,0
DA:297,0
DA:299,0
DA:308,0
DA:309,0
DA:335,0
DA:336,0
DA:337,0
DA:338,0
DA:341,0
DA:342,0
DA:343,0
DA:344,0
DA:346,0
DA:347,0
DA:349,0
DA:350,0
DA:352,0
DA:353,0
DA:355,0
DA:356,0
DA:361,0
DA:362,0
DA:363,0
DA:364,0
DA:367,0
DA:368,0
DA:369,0
DA:372,0
DA:389,0
DA:390,0
DA:391,0
DA:392,0
DA:393,0
DA:394,0
DA:396,0
DA:399,0
DA:400,0
DA:401,0
DA:402,0
DA:406,0
DA:407,0
DA:412,0
DA:413,0
DA:414,0
DA:415,0
DA:418,0
DA:419,0
DA:420,0
DA:422,0
DA:423,0
DA:424,0
DA:425,0
DA:428,0
DA:429,0
DA:430,0
DA:432,0
DA:433,0
DA:434,0
DA:436,0
DA:438,0
DA:441,0
DA:442,0
DA:444,0
DA:445,0
DA:446,0
DA:448,0
DA:449,0
DA:451,0
DA:452,0
DA:454,0
DA:455,0
DA:457,0
DA:458,0
DA:460,0
DA:461,0
DA:463,0
DA:464,0
DA:466,0
DA:467,0
DA:469,0
DA:470,0
DA:472,0
DA:473,0
DA:475,0
DA:476,0
DA:479,0
DA:481,0
DA:486,0
DA:487,0
DA:490,0
DA:491,0
DA:492,0
DA:495,0
DA:496,0
DA:497,0
DA:499,0
DA:500,0
DA:501,0
DA:503,0
DA:504,0
DA:505,0
DA:507,0
DA:509,0
DA:510,0
DA:512,0
DA:513,0
DA:515,0
DA:516,0
DA:518,0
DA:519,0
DA:521,0
DA:522,0
DA:524,0
DA:525,0
DA:527,0
DA:528,0
DA:530,0
DA:531,0
DA:533,0
DA:534,0
DA:536,0
DA:537,0
DA:538,0
DA:540,0
DA:541,0
DA:543,0
DA:544,0
DA:547,0
DA:548,0
DA:555,0
DA:556,0
DA:558,0
DA:559,0
DA:561,0
DA:565,0
DA:569,0
DA:570,0
DA:571,0
DA:574,0
DA:575,0
DA:576,0
DA:577,0
DA:579,0
DA:581,0
DA:582,0
DA:584,0
DA:585,0
DA:587,0
DA:588,0
DA:590,0
DA:591,0
DA:593,0
DA:594,0
DA:596,0
DA:597,0
DA:601,0
DA:605,0
DA:609,0
DA:610,0
DA:611,0
DA:613,0
DA:614,0
DA:615,0
DA:616,0
DA:617,0
DA:618,0
DA:620,0
DA:621,0
DA:622,0
DA:623,0
DA:624,0
DA:625,0
DA:628,0
DA:629,0
DA:631,0
DA:632,0
DA:633,0
DA:634,0
DA:635,0
DA:636,0
DA:638,0
DA:639,0
DA:640,0
DA:641,0
DA:642,0
DA:643,0
DA:646,0
DA:647,0
DA:648,0
DA:649,0
DA:652,0
DA:653,0
DA:654,0
DA:656,0
DA:658,0
DA:659,0
DA:660,0
DA:661,0
DA:663,0
DA:664,0
DA:669,0
DA:670,0
DA:671,0
DA:672,0
DA:674,0
DA:675,0
DA:676,0
DA:677,0
DA:678,0
DA:685,0
DA:686,0
DA:687,0
DA:690,0
DA:691,0
DA:694,0
DA:701,0
DA:702,0
DA:703,0
DA:706,0
DA:707,0
DA:710,0
DA:711,0
DA:713,0
DA:714,0
DA:715,0
DA:719,0
DA:720,0
DA:721,0
DA:723,0
DA:724,0
DA:725,0
DA:729,0
DA:730,0
DA:743,0
DA:744,0
DA:758,0
DA:759,0
DA:760,0
DA:763,0
DA:766,0
DA:771,0
DA:774,0
DA:779,0
DA:781,0
DA:782,0
DA:786,0
DA:787,0
DA:788,0
DA:792,0
DA:793,0
DA:794,0
DA:798,0
DA:799,0
DA:800,0
DA:801,0
DA:804,0
DA:806,0
DA:807,0
DA:808,0
DA:809,0
DA:810,0
DA:811,0
DA:812,0
DA:816,0
DA:817,0
DA:821,0
DA:822,0
DA:823,0
DA:825,0
DA:828,0
DA:829,0
DA:830,0
DA:831,0
DA:832,0
DA:834,0
DA:837,0
DA:838,0
DA:839,0
DA:841,0
DA:843,0
DA:844,0
DA:847,0
DA:851,0
DA:852,0
DA:853,0
DA:854,0
DA:855,0
DA:857,0
DA:858,0
DA:859,0
DA:860,0
DA:866,0
DA:868,0
DA:872,0
DA:873,0
DA:880,0
DA:884,0
DA:886,0
DA:892,0
DA:894,0
DA:895,0
DA:896,0
DA:899,0
DA:903,0
DA:906,0
DA:924,0
DA:928,0
DA:929,0
DA:930,0
DA:931,0
DA:937,0
DA:938,0
DA:940,0
DA:943,0
DA:944,0
DA:946,0
DA:947,0
DA:948,0
DA:951,0
DA:952,0
DA:953,0
DA:954,0
DA:960,0
DA:961,0
DA:962,0
DA:963,0
DA:973,0
DA:974,0
DA:976,0
DA:978,0
DA:980,0
DA:982,0
DA:984,0
DA:986,0
DA:988,0
DA:990,0
DA:992,0
DA:994,0
DA:996,0
DA:1001,0
DA:1002,0
DA:1004,0
DA:1005,0
DA:1009,0
DA:1011,0
DA:1012,0
DA:1015,0
DA:1016,0
DA:1018,0
DA:1024,0
DA:1031,0
DA:1034,0
DA:1036,0
DA:1037,0
DA:1038,0
DA:1039,0
DA:1040,0
DA:1044,0
DA:1070,0
DA:1071,0
DA:1072,0
DA:1073,0
DA:1078,0
DA:1079,0
DA:1080,0
DA:1081,0
DA:1084,0
DA:1085,0
DA:1086,0
DA:1087,0
DA:1090,0
DA:1091,0
DA:1092,0
DA:1093,0
DA:1096,0
DA:1099,0
DA:1101,0
DA:1103,0
DA:1104,0
DA:1129,0
DA:1131,0
DA:1132,0
DA:1133,0
DA:1134,0
DA:1135,0
DA:1137,0
DA:1142,0
DA:1146,0
DA:1147,0
DA:1148,0
DA:1149,0
DA:1152,0
DA:1153,0
DA:1154,0
DA:1155,0
DA:1165,0
DA:1166,0
DA:1167,0
DA:1168,0
DA:1169,0
DA:1170,0
DA:1171,0
DA:1173,0
DA:1185,0
DA:1186,0
DA:1187,0
DA:1188,0
DA:1189,0
DA:1190,0
DA:1191,0
DA:1192,0
DA:1193,0
DA:1195,0
DA:1196,0
DA:1197,0
DA:1198,0
DA:1199,0
DA:1200,0
DA:1203,0
DA:1209,0
DA:1211,0
DA:1213,0
DA:1214,0
DA:1220,0
DA:1221,0
DA:1222,0
DA:1223,0
DA:1224,0
DA:1225,0
DA:1227,0
DA:1231,0
DA:1234,0
DA:1235,0
DA:1238,0
DA:1239,0
DA:1240,0
DA:1244,0
DA:1246,0
DA:1247,0
DA:1248,0
DA:1250,0
DA:1258,0
DA:1259,0
DA:1260,0
DA:1267,0
DA:1268,0
DA:1269,0
DA:1270,0
DA:1273,0
DA:1277,0
DA:1278,0
DA:1279,0
DA:1282,0
DA:1283,0
DA:1286,0
DA:1297,0
DA:1298,0
DA:1303,0
DA:1304,0
DA:1307,0
DA:1308,0
DA:1309,0
DA:1314,0
DA:1315,0
DA:1316,0
DA:1317,0
DA:1318,0
DA:1319,0
DA:1323,0
DA:1326,0
DA:1328,0
DA:1329,0
DA:1330,0
DA:1341,0
DA:1342,0
DA:1355,0
DA:1373,0
DA:1374,0
DA:1385,0
DA:1405,0
DA:1425,0
DA:1499,0
DA:1500,0
DA:1501,0
DA:1502,0
DA:1505,0
DA:1531,0
DA:1545,3
DA:1587,0
DA:1590,0
DA:1591,0
DA:1595,0
LF:569
LH:2
BRDA:58,0,0,0
BRDA:58,0,1,0
BRDA:61,1,0,0
BRDA:61,1,1,0
BRDA:65,2,0,0
BRDA:65,2,1,0
BRDA:70,3,0,0
BRDA:70,3,1,0
BRDA:79,4,0,0
BRDA:79,4,1,0
BRDA:193,5,0,0
BRDA:193,5,1,0
BRDA:193,6,0,0
BRDA:193,6,1,0
BRDA:204,7,0,0
BRDA:204,7,1,0
BRDA:235,8,0,0
BRDA:235,8,1,0
BRDA:235,9,0,0
BRDA:235,9,1,0
BRDA:238,10,0,0
BRDA:238,10,1,0
BRDA:253,11,0,0
BRDA:253,11,1,0
BRDA:253,12,0,0
BRDA:253,12,1,0
BRDA:267,13,0,0
BRDA:267,13,1,0
BRDA:276,14,0,0
BRDA:276,14,1,0
BRDA:290,15,0,0
BRDA:290,15,1,0
BRDA:342,16,0,0
BRDA:342,16,1,0
BRDA:343,17,0,0
BRDA:343,17,1,0
BRDA:343,18,0,0
BRDA:343,18,1,0
BRDA:343,18,2,0
BRDA:346,19,0,0
BRDA:346,19,1,0
BRDA:349,20,0,0
BRDA:349,20,1,0
BRDA:352,21,0,0
BRDA:352,21,1,0
BRDA:355,22,0,0
BRDA:355,22,1,0
BRDA:389,23,0,0
BRDA:389,23,1,0
BRDA:389,24,0,0
BRDA:389,24,1,0
BRDA:392,25,0,0
BRDA:392,25,1,0
BRDA:422,26,0,0
BRDA:422,26,1,0
BRDA:423,27,0,0
BRDA:423,27,1,0
BRDA:432,28,0,0
BRDA:432,28,1,0
BRDA:432,29,0,0
BRDA:432,29,1,0
BRDA:441,30,0,0
BRDA:441,30,1,0
BRDA:444,31,0,0
BRDA:444,31,1,0
BRDA:444,32,0,0
BRDA:444,32,1,0
BRDA:444,32,2,0
BRDA:448,33,0,0
BRDA:448,33,1,0
BRDA:451,34,0,0
BRDA:451,34,1,0
BRDA:454,35,0,0
BRDA:454,35,1,0
BRDA:457,36,0,0
BRDA:457,36,1,0
BRDA:460,37,0,0
BRDA:460,37,1,0
BRDA:463,38,0,0
BRDA:463,38,1,0
BRDA:466,39,0,0
BRDA:466,39,1,0
BRDA:469,40,0,0
BRDA:469,40,1,0
BRDA:472,41,0,0
BRDA:472,41,1,0
BRDA:499,42,0,0
BRDA:499,42,1,0
BRDA:503,43,0,0
BRDA:503,43,1,0
BRDA:503,44,0,0
BRDA:503,44,1,0
BRDA:503,44,2,0
BRDA:509,45,0,0
BRDA:509,45,1,0
BRDA:512,46,0,0
BRDA:512,46,1,0
BRDA:515,47,0,0
BRDA:515,47,1,0
BRDA:518,48,0,0
BRDA:518,48,1,0
BRDA:521,49,0,0
BRDA:521,49,1,0
BRDA:524,50,0,0
BRDA:524,50,1,0
BRDA:527,51,0,0
BRDA:527,51,1,0
BRDA:530,52,0,0
BRDA:530,52,1,0
BRDA:533,53,0,0
BRDA:533,53,1,0
BRDA:536,54,0,0
BRDA:536,54,1,0
BRDA:540,55,0,0
BRDA:540,55,1,0
BRDA:543,56,0,0
BRDA:543,56,1,0
BRDA:570,57,0,0
BRDA:570,57,1,0
BRDA:570,58,0,0
BRDA:570,58,1,0
BRDA:570,58,2,0
BRDA:579,59,0,0
BRDA:579,59,1,0
BRDA:581,60,0,0
BRDA:581,60,1,0
BRDA:584,61,0,0
BRDA:584,61,1,0
BRDA:587,62,0,0
BRDA:587,62,1,0
BRDA:590,63,0,0
BRDA:590,63,1,0
BRDA:593,64,0,0
BRDA:593,64,1,0
BRDA:596,65,0,0
BRDA:596,65,1,0
BRDA:613,66,0,0
BRDA:613,66,1,0
BRDA:614,67,0,0
BRDA:614,67,1,0
BRDA:615,68,0,0
BRDA:615,68,1,0
BRDA:616,69,0,0
BRDA:616,69,1,0
BRDA:617,70,0,0
BRDA:617,70,1,0
BRDA:620,71,0,0
BRDA:620,71,1,0
BRDA:621,72,0,0
BRDA:621,72,1,0
BRDA:622,73,0,0
BRDA:622,73,1,0
BRDA:623,74,0,0
BRDA:623,74,1,0
BRDA:624,75,0,0
BRDA:624,75,1,0
BRDA:625,76,0,0
BRDA:625,76,1,0
BRDA:631,77,0,0
BRDA:631,77,1,0
BRDA:632,78,0,0
BRDA:632,78,1,0
BRDA:633,79,0,0
BRDA:633,79,1,0
BRDA:634,80,0,0
BRDA:634,80,1,0
BRDA:635,81,0,0
BRDA:635,81,1,0
BRDA:638,82,0,0
BRDA:638,82,1,0
BRDA:639,83,0,0
BRDA:639,83,1,0
BRDA:640,84,0,0
BRDA:640,84,1,0
BRDA:641,85,0,0
BRDA:641,85,1,0
BRDA:642,86,0,0
BRDA:642,86,1,0
BRDA:643,87,0,0
BRDA:643,87,1,0
BRDA:656,88,0,0
BRDA:656,88,1,0
BRDA:658,89,0,0
BRDA:658,89,1,0
BRDA:691,90,0,0
BRDA:691,90,1,0
BRDA:706,91,0,0
BRDA:706,91,1,0
BRDA:707,92,0,0
BRDA:707,92,1,0
BRDA:707,93,0,0
BRDA:707,93,1,0
BRDA:710,94,0,0
BRDA:710,94,1,0
BRDA:711,95,0,0
BRDA:711,95,1,0
BRDA:713,96,0,0
BRDA:713,96,1,0
BRDA:720,97,0,0
BRDA:720,97,1,0
BRDA:721,98,0,0
BRDA:721,98,1,0
BRDA:723,99,0,0
BRDA:723,99,1,0
BRDA:758,100,0,0
BRDA:758,100,1,0
BRDA:766,101,0,0
BRDA:766,101,1,0
BRDA:766,102,0,0
BRDA:766,102,1,0
BRDA:766,102,2,0
BRDA:766,102,3,0
BRDA:766,102,4,0
BRDA:766,102,5,0
BRDA:766,102,6,0
BRDA:766,102,7,0
BRDA:766,102,8,0
BRDA:766,102,9,0
BRDA:781,103,0,0
BRDA:781,103,1,0
BRDA:786,104,0,0
BRDA:786,104,1,0
BRDA:792,105,0,0
BRDA:792,105,1,0
BRDA:798,106,0,0
BRDA:798,106,1,0
BRDA:799,107,0,0
BRDA:799,107,1,0
BRDA:801,108,0,0
BRDA:801,108,1,0
BRDA:804,109,0,0
BRDA:804,109,1,0
BRDA:806,110,0,0
BRDA:806,110,1,0
BRDA:816,111,0,0
BRDA:816,111,1,0
BRDA:828,112,0,0
BRDA:828,112,1,0
BRDA:828,113,0,0
BRDA:828,113,1,0
BRDA:831,114,0,0
BRDA:831,114,1,0
BRDA:843,115,0,0
BRDA:843,115,1,0
BRDA:858,116,0,0
BRDA:858,116,1,0
BRDA:872,117,0,0
BRDA:872,117,1,0
BRDA:894,118,0,0
BRDA:894,118,1,0
BRDA:901,119,0,0
BRDA:901,119,1,0
BRDA:903,120,0,0
BRDA:903,120,1,0
BRDA:930,121,0,0
BRDA:930,121,1,0
BRDA:938,122,0,0
BRDA:938,122,1,0
BRDA:938,123,0,0
BRDA:938,123,1,0
BRDA:947,124,0,0
BRDA:947,124,1,0
BRDA:951,125,0,0
BRDA:951,125,1,0
BRDA:960,126,0,0
BRDA:960,126,1,0
BRDA:963,127,0,0
BRDA:963,127,1,0
BRDA:974,128,0,0
BRDA:974,128,1,0
BRDA:976,129,0,0
BRDA:976,129,1,0
BRDA:976,129,2,0
BRDA:976,129,3,0
BRDA:976,129,4,0
BRDA:976,129,5,0
BRDA:976,129,6,0
BRDA:976,129,7,0
BRDA:976,129,8,0
BRDA:976,129,9,0
BRDA:978,130,0,0
BRDA:978,130,1,0
BRDA:980,131,0,0
BRDA:980,131,1,0
BRDA:982,132,0,0
BRDA:982,132,1,0
BRDA:984,133,0,0
BRDA:984,133,1,0
BRDA:986,134,0,0
BRDA:986,134,1,0
BRDA:988,135,0,0
BRDA:988,135,1,0
BRDA:990,136,0,0
BRDA:990,136,1,0
BRDA:992,137,0,0
BRDA:992,137,1,0
BRDA:994,138,0,0
BRDA:994,138,1,0
BRDA:1002,139,0,0
BRDA:1002,139,1,0
BRDA:1004,140,0,0
BRDA:1004,140,1,0
BRDA:1011,141,0,0
BRDA:1011,141,1,0
BRDA:1015,142,0,0
BRDA:1015,142,1,0
BRDA:1039,143,0,0
BRDA:1039,143,1,0
BRDA:1054,144,0,0
BRDA:1054,144,1,0
BRDA:1055,145,0,0
BRDA:1055,145,1,0
BRDA:1056,146,0,0
BRDA:1056,146,1,0
BRDA:1057,147,0,0
BRDA:1057,147,1,0
BRDA:1058,148,0,0
BRDA:1058,148,1,0
BRDA:1059,149,0,0
BRDA:1059,149,1,0
BRDA:1060,150,0,0
BRDA:1060,150,1,0
BRDA:1061,151,0,0
BRDA:1061,151,1,0
BRDA:1062,152,0,0
BRDA:1062,152,1,0
BRDA:1063,153,0,0
BRDA:1063,153,1,0
BRDA:1101,154,0,0
BRDA:1101,154,1,0
BRDA:1104,155,0,0
BRDA:1104,155,1,0
BRDA:1107,156,0,0
BRDA:1107,156,1,0
BRDA:1108,157,0,0
BRDA:1108,157,1,0
BRDA:1109,158,0,0
BRDA:1109,158,1,0
BRDA:1110,159,0,0
BRDA:1110,159,1,0
BRDA:1111,160,0,0
BRDA:1111,160,1,0
BRDA:1112,161,0,0
BRDA:1112,161,1,0
BRDA:1113,162,0,0
BRDA:1113,162,1,0
BRDA:1114,163,0,0
BRDA:1114,163,1,0
BRDA:1115,164,0,0
BRDA:1115,164,1,0
BRDA:1116,165,0,0
BRDA:1116,165,1,0
BRDA:1117,166,0,0
BRDA:1117,166,1,0
BRDA:1118,167,0,0
BRDA:1118,167,1,0
BRDA:1119,168,0,0
BRDA:1119,168,1,0
BRDA:1131,169,0,0
BRDA:1131,169,1,0
BRDA:1131,170,0,0
BRDA:1131,170,1,0
BRDA:1134,171,0,0
BRDA:1134,171,1,0
BRDA:1169,172,0,0
BRDA:1169,172,1,0
BRDA:1170,173,0,0
BRDA:1170,173,1,0
BRDA:1171,174,0,0
BRDA:1171,174,1,0
BRDA:1179,175,0,0
BRDA:1179,175,1,0
BRDA:1179,176,0,0
BRDA:1179,176,1,0
BRDA:1187,177,0,0
BRDA:1187,177,1,0
BRDA:1188,178,0,0
BRDA:1188,178,1,0
BRDA:1189,179,0,0
BRDA:1189,179,1,0
BRDA:1190,180,0,0
BRDA:1190,180,1,0
BRDA:1191,181,0,0
BRDA:1191,181,1,0
BRDA:1192,182,0,0
BRDA:1192,182,1,0
BRDA:1195,183,0,0
BRDA:1195,183,1,0
BRDA:1196,184,0,0
BRDA:1196,184,1,0
BRDA:1197,185,0,0
BRDA:1197,185,1,0
BRDA:1198,186,0,0
BRDA:1198,186,1,0
BRDA:1199,187,0,0
BRDA:1199,187,1,0
BRDA:1200,188,0,0
BRDA:1200,188,1,0
BRDA:1246,189,0,0
BRDA:1246,189,1,0
BRDA:1246,190,0,0
BRDA:1246,190,1,0
BRDA:1258,191,0,0
BRDA:1258,191,1,0
BRDA:1258,192,0,0
BRDA:1258,192,1,0
BRDA:1258,192,2,0
BRDA:1282,193,0,0
BRDA:1282,193,1,0
BRDA:1294,194,0,0
BRDA:1294,194,1,0
BRDA:1326,195,0,0
BRDA:1326,195,1,0
BRDA:1326,196,0,0
BRDA:1326,196,1,0
BRDA:1341,197,0,0
BRDA:1341,197,1,0
BRDA:1341,198,0,0
BRDA:1341,198,1,0
BRDA:1366,199,0,0
BRDA:1366,199,1,0
BRDA:1388,200,0,0
BRDA:1388,200,1,0
BRDA:1402,201,0,0
BRDA:1402,201,1,0
BRDA:1402,201,2,0
BRDA:1428,202,0,0
BRDA:1428,202,1,0
BRDA:1429,203,0,0
BRDA:1429,203,1,0
BRDA:1431,204,0,0
BRDA:1431,204,1,0
BRDA:1448,205,0,0
BRDA:1448,205,1,0
BRDA:1457,206,0,0
BRDA:1457,206,1,0
BRDA:1485,207,0,0
BRDA:1485,207,1,0
BRDA:1499,208,0,0
BRDA:1499,208,1,0
BRDA:1526,209,0,0
BRDA:1526,209,1,0
BRDA:1590,210,0,0
BRDA:1590,210,1,0
BRF:444
BRH:0
end_of_record
TN:
SF:src/ConsolidatedDashboard.js
FN:16,(anonymous_0)
FNF:1
FNH:0
FNDA:0,(anonymous_0)
DA:16,0
DA:36,0
DA:42,0
DA:49,0
DA:57,0
DA:69,0
DA:71,0
LF:7
LH:0
BRDA:19,0,0,0
BRDA:20,1,0,0
BRDA:21,2,0,0
BRDA:22,3,0,0
BRDA:23,4,0,0
BRDA:24,5,0,0
BRDA:25,6,0,0
BRDA:26,7,0,0
BRF:8
BRH:0
end_of_record
TN:
SF:src/CorporateAlerts.js
FN:3,(anonymous_0)
FN:6,(anonymous_1)
FN:15,(anonymous_2)
FN:20,(anonymous_3)
FN:34,(anonymous_4)
FN:46,(anonymous_5)
FN:58,(anonymous_6)
FN:91,(anonymous_7)
FN:102,(anonymous_8)
FN:131,(anonymous_9)
FN:136,(anonymous_10)
FN:151,(anonymous_11)
FN:171,(anonymous_12)
FN:174,(anonymous_13)
FN:177,(anonymous_14)
FNF:15
FNH:0
FNDA:0,(anonymous_0)
FNDA:0,(anonymous_1)
FNDA:0,(anonymous_2)
FNDA:0,(anonymous_3)
FNDA:0,(anonymous_4)
FNDA:0,(anonymous_5)
FNDA:0,(anonymous_6)
FNDA:0,(anonymous_7)
FNDA:0,(anonymous_8)
FNDA:0,(anonymous_9)
FNDA:0,(anonymous_10)
FNDA:0,(anonymous_11)
FNDA:0,(anonymous_12)
FNDA:0,(anonymous_13)
FNDA:0,(anonymous_14)
DA:3,0
DA:6,0
DA:9,0
DA:10,0
DA:11,0
DA:15,0
DA:16,0
DA:20,0
DA:21,0
DA:22,0
DA:26,0
DA:29,0
DA:30,0
DA:34,0
DA:41,0
DA:42,0
DA:46,0
DA:53,0
DA:54,0
DA:59,0
DA:60,0
DA:68,0
DA:69,0
DA:80,0
DA:81,0
DA:91,0
DA:92,0
DA:93,0
DA:94,0
DA:95,0
DA:96,0
DA:97,0
DA:98,0
DA:102,0
DA:103,0
DA:104,0
DA:105,0
DA:106,0
DA:107,0
DA:108,0
DA:109,0
DA:113,0
DA:114,0
DA:126,0
DA:131,0
DA:137,0
DA:152,0
DA:171,0
DA:174,0
DA:177,0
LF:50
LH:0
BRDA:9,0,0,0
BRDA:9,0,1,0
BRDA:11,1,0,0
BRDA:11,1,1,0
BRDA:11,1,2,0
BRDA:22,2,0,0
BRDA:22,2,1,0
BRDA:22,2,2,0
BRDA:29,3,0,0
BRDA:29,3,1,0
BRDA:41,4,0,0
BRDA:41,4,1,0
BRDA:53,5,0,0
BRDA:53,5,1,0
BRDA:68,6,0,0
BRDA:68,6,1,0
BRDA:80,7,0,0
BRDA:80,7,1,0
BRDA:80,8,0,0
BRDA:80,8,1,0
BRDA:92,9,0,0
BRDA:92,9,1,0
BRDA:92,9,2,0
BRDA:92,9,3,0
BRDA:92,9,4,0
BRDA:92,9,5,0
BRDA:103,10,0,0
BRDA:103,10,1,0
BRDA:103,10,2,0
BRDA:103,10,3,0
BRDA:103,10,4,0
BRDA:103,10,5,0
BRDA:113,11,0,0
BRDA:113,11,1,0
BRDA:149,12,0,0
BRDA:149,12,1,0
BRDA:149,12,2,0
BRF:37
BRH:0
end_of_record
TN:
SF:src/FileManager.js
FN:4,(anonymous_0)
FN:36,(anonymous_1)
FN:51,(anonymous_2)
FN:55,(anonymous_3)
FN:58,(anonymous_4)
FN:68,(anonymous_5)
FN:79,(anonymous_6)
FN:86,(anonymous_7)
FN:92,(anonymous_8)
FN:112,(anonymous_9)
FN:122,(anonymous_10)
FN:133,(anonymous_11)
FN:142,(anonymous_12)
FN:151,(anonymous_13)
FN:170,(anonymous_14)
FN:203,(anonymous_15)
FN:225,(anonymous_16)
FN:236,(anonymous_17)
FN:239,(anonymous_18)
FN:291,(anonymous_19)
FN:306,(anonymous_20)
FN:316,(anonymous_21)
FN:335,(anonymous_22)
FN:343,(anonymous_23)
FN:379,(anonymous_24)
FN:386,(anonymous_25)
FN:411,(anonymous_26)
FN:435,(anonymous_27)
FN:442,(anonymous_28)
FN:449,(anonymous_29)
FN:500,(anonymous_30)
FN:519,(anonymous_31)
FN:522,(anonymous_32)
FN:537,(anonymous_33)
FN:550,(anonymous_34)
FN:566,(anonymous_35)
FNF:36
FNH:0
FNDA:0,(anonymous_0)
FNDA:0,(anonymous_1)
FNDA:0,(anonymous_2)
FNDA:0,(anonymous_3)
FNDA:0,(anonymous_4)
FNDA:0,(anonymous_5)
FNDA:0,(anonymous_6)
FNDA:0,(anonymous_7)
FNDA:0,(anonymous_8)
FNDA:0,(anonymous_9)
FNDA:0,(anonymous_10)
FNDA:0,(anonymous_11)
FNDA:0,(anonymous_12)
FNDA:0,(anonymous_13)
FNDA:0,(anonymous_14)
FNDA:0,(anonymous_15)
FNDA:0,(anonymous_16)
FNDA:0,(anonymous_17)
FNDA:0,(anonymous_18)
FNDA:0,(anonymous_19)
FNDA:0,(anonymous_20)
FNDA:0,(anonymous_21)
FNDA:0,(anonymous_22)
FNDA:0,(anonymous_23)
FNDA:0,(anonymous_24)
FNDA:0,(anonymous_25)
FNDA:0,(anonymous_26)
FNDA:0,(anonymous_27)
FNDA:0,(anonymous_28)
FNDA:0,(anonymous_29)
FNDA:0,(anonymous_30)
FNDA:0,(anonymous_31)
FNDA:0,(anonymous_32)
FNDA:0,(anonymous_33)
FNDA:0,(anonymous_34)
FNDA:0,(anonymous_35)
DA:4,0
DA:24,0
DA:26,0
DA:27,0
DA:28,0
DA:29,0
DA:30,0
DA:31,0
DA:32,0
DA:33,0
DA:36,0
DA:37,0
DA:39,0
DA:40,0
DA:43,0
DA:44,0
DA:47,0
DA:48,0
DA:51,0
DA:55,0
DA:58,0
DA:59,0
DA:60,0
DA:61,0
DA:62,0
DA:63,0
DA:64,0
DA:68,0
DA:69,0
DA:70,0
DA:71,0
DA:73,0
DA:74,0
DA:79,0
DA:80,0
DA:81,0
DA:86,0
DA:87,0
DA:88,0
DA:92,0
DA:93,0
DA:94,0
DA:95,0
DA:98,0
DA:99,0
DA:100,0
DA:102,0
DA:103,0
DA:107,0
DA:112,0
DA:113,0
DA:114,0
DA:115,0
DA:116,0
DA:117,0
DA:118,0
DA:122,0
DA:123,0
DA:124,0
DA:125,0
DA:126,0
DA:128,0
DA:133,0
DA:134,0
DA:135,0
DA:136,0
DA:137,0
DA:138,0
DA:142,0
DA:143,0
DA:144,0
DA:145,0
DA:146,0
DA:147,0
DA:151,0
DA:152,0
DA:153,0
DA:154,0
DA:155,0
DA:156,0
DA:160,0
DA:170,0
DA:172,0
DA:203,0
DA:225,0
DA:236,0
DA:240,0
DA:291,0
DA:306,0
DA:316,0
DA:336,0
DA:343,0
DA:379,0
DA:386,0
DA:412,0
DA:435,0
DA:442,0
DA:449,0
DA:501,0
DA:502,0
DA:503,0
DA:519,0
DA:523,0
DA:537,0
DA:551,0
DA:567,0
DA:568,0
DA:569,0
LF:108
LH:0
BRDA:6,0,0,0
BRDA:7,1,0,0
BRDA:8,2,0,0
BRDA:9,3,0,0
BRDA:10,4,0,0
BRDA:11,5,0,0
BRDA:39,6,0,0
BRDA:39,6,1,0
BRDA:43,7,0,0
BRDA:43,7,1,0
BRDA:47,8,0,0
BRDA:47,8,1,0
BRDA:61,9,0,0
BRDA:61,9,1,0
BRDA:61,10,0,0
BRDA:61,10,1,0
BRDA:63,11,0,0
BRDA:63,11,1,0
BRDA:73,12,0,0
BRDA:73,12,1,0
BRDA:73,13,0,0
BRDA:73,13,1,0
BRDA:80,14,0,0
BRDA:80,14,1,0
BRDA:80,15,0,0
BRDA:80,15,1,0
BRDA:102,16,0,0
BRDA:102,16,1,0
BRDA:123,17,0,0
BRDA:123,17,1,0
BRDA:125,18,0,0
BRDA:125,18,1,0
BRDA:134,19,0,0
BRDA:134,19,1,0
BRDA:135,20,0,0
BRDA:135,20,1,0
BRDA:136,21,0,0
BRDA:136,21,1,0
BRDA:137,22,0,0
BRDA:137,22,1,0
BRDA:143,23,0,0
BRDA:143,23,1,0
BRDA:144,24,0,0
BRDA:144,24,1,0
BRDA:145,25,0,0
BRDA:145,25,1,0
BRDA:146,26,0,0
BRDA:146,26,1,0
BRDA:152,27,0,0
BRDA:152,27,1,0
BRDA:184,28,0,0
BRDA:184,28,1,0
BRDA:201,29,0,0
BRDA:201,29,1,0
BRDA:232,30,0,0
BRDA:232,30,1,0
BRDA:250,31,0,0
BRDA:250,31,1,0
BRDA:256,32,0,0
BRDA:256,32,1,0
BRDA:256,33,0,0
BRDA:256,33,1,0
BRDA:263,34,0,0
BRDA:263,34,1,0
BRDA:266,35,0,0
BRDA:266,35,1,0
BRDA:301,36,0,0
BRDA:301,36,1,0
BRDA:308,37,0,0
BRDA:308,37,1,0
BRDA:318,38,0,0
BRDA:318,38,1,0
BRDA:330,39,0,0
BRDA:330,39,1,0
BRDA:332,40,0,0
BRDA:332,40,1,0
BRDA:365,41,0,0
BRDA:365,41,1,0
BRDA:420,42,0,0
BRDA:420,42,1,0
BRDA:474,43,0,0
BRDA:474,43,1,0
BRDA:491,44,0,0
BRDA:491,44,1,0
BRDA:580,45,0,0
BRDA:580,45,1,0
BRDA:599,46,0,0
BRDA:599,46,1,0
BRF:88
BRH:0
end_of_record
TN:
SF:src/IntegratedPMODashboard.js
FN:8,(anonymous_0)
FN:63,(anonymous_1)
FN:66,(anonymous_2)
FN:82,(anonymous_3)
FN:93,(anonymous_4)
FN:117,(anonymous_5)
FN:120,(anonymous_6)
FNF:7
FNH:0
FNDA:0,(anonymous_0)
FNDA:0,(anonymous_1)
FNDA:0,(anonymous_2)
FNDA:0,(anonymous_3)
FNDA:0,(anonymous_4)
FNDA:0,(anonymous_5)
FNDA:0,(anonymous_6)
DA:8,0
DA:10,0
DA:57,0
DA:58,0
DA:59,0
DA:60,0
DA:63,0
DA:66,0
DA:67,0
DA:68,0
DA:69,0
DA:71,0
DA:82,0
DA:83,0
DA:84,0
DA:85,0
DA:86,0
DA:87,0
DA:88,0
DA:89,0
DA:93,0
DA:94,0
DA:95,0
DA:96,0
DA:97,0
DA:98,0
DA:102,0
DA:117,0
DA:121,0
LF:29
LH:0
BRDA:63,0,0,0
BRDA:63,0,1,0
BRDA:78,1,0,0
BRDA:78,1,1,0
BRDA:83,2,0,0
BRDA:83,2,1,0
BRDA:83,2,2,0
BRDA:83,2,3,0
BRDA:83,2,4,0
BRDA:83,2,5,0
BRDA:94,3,0,0
BRDA:94,3,1,0
BRDA:94,3,2,0
BRDA:94,3,3,0
BRDA:308,4,0,0
BRDA:308,4,1,0
BRDA:309,5,0,0
BRDA:309,5,1,0
BRF:18
BRH:0
end_of_record
TN:
SF:src/NetworkDiagram.js
FN:3,(anonymous_0)
FN:26,(anonymous_1)
FN:34,(anonymous_2)
FN:38,(anonymous_3)
FN:61,(anonymous_4)
FN:66,(anonymous_5)
FN:70,(anonymous_6)
FN:104,(anonymous_7)
FN:110,(anonymous_8)
FN:111,(anonymous_9)
FN:112,(anonymous_10)
FN:113,(anonymous_11)
FN:119,(anonymous_12)
FN:128,(anonymous_13)
FN:128,(anonymous_14)
FN:129,(anonymous_15)
FN:129,(anonymous_16)
FN:130,(anonymous_17)
FN:135,(anonymous_18)
FN:143,(anonymous_19)
FN:150,(anonymous_20)
FN:159,(anonymous_21)
FN:163,(anonymous_22)
FN:166,(anonymous_23)
FN:170,(anonymous_24)
FN:215,(anonymous_25)
FN:216,(anonymous_26)
FN:217,(anonymous_27)
FN:292,(anonymous_28)
FN:295,(anonymous_29)
FN:298,(anonymous_30)
FN:299,(anonymous_31)
FN:364,(anonymous_32)
FN:378,(anonymous_33)
FN:393,(anonymous_34)
FN:397,(anonymous_35)
FN:398,(anonymous_36)
FN:405,(anonymous_37)
FN:535,(anonymous_38)
FN:541,(anonymous_39)
FN:547,(anonymous_40)
FNF:41
FNH:0
FNDA:0,(anonymous_0)
FNDA:0,(anonymous_1)
FNDA:0,(anonymous_2)
FNDA:0,(anonymous_3)
FNDA:0,(anonymous_4)
FNDA:0,(anonymous_5)
FNDA:0,(anonymous_6)
FNDA:0,(anonymous_7)
FNDA:0,(anonymous_8)
FNDA:0,(anonymous_9)
FNDA:0,(anonymous_10)
FNDA:0,(anonymous_11)
FNDA:0,(anonymous_12)
FNDA:0,(anonymous_13)
FNDA:0,(anonymous_14)
FNDA:0,(anonymous_15)
FNDA:0,(anonymous_16)
FNDA:0,(anonymous_17)
FNDA:0,(anonymous_18)
FNDA:0,(anonymous_19)
FNDA:0,(anonymous_20)
FNDA:0,(anonymous_21)
FNDA:0,(anonymous_22)
FNDA:0,(anonymous_23)
FNDA:0,(anonymous_24)
FNDA:0,(anonymous_25)
FNDA:0,(anonymous_26)
FNDA:0,(anonymous_27)
FNDA:0,(anonymous_28)
FNDA:0,(anonymous_29)
FNDA:0,(anonymous_30)
FNDA:0,(anonymous_31)
FNDA:0,(anonymous_32)
FNDA:0,(anonymous_33)
FNDA:0,(anonymous_34)
FNDA:0,(anonymous_35)
FNDA:0,(anonymous_36)
FNDA:0,(anonymous_37)
FNDA:0,(anonymous_38)
FNDA:0,(anonymous_39)
FNDA:0,(anonymous_40)
DA:3,0
DA:12,0
DA:13,0
DA:14,0
DA:15,0
DA:16,0
DA:17,0
DA:20,0
DA:21,0
DA:22,0
DA:23,0
DA:26,0
DA:27,0
DA:29,0
DA:30,0
DA:31,0
DA:34,0
DA:35,0
DA:36,0
DA:38,0
DA:39,0
DA:42,0
DA:43,0
DA:44,0
DA:45,0
DA:46,0
DA:50,0
DA:52,0
DA:53,0
DA:55,0
DA:57,0
DA:61,0
DA:62,0
DA:66,0
DA:67,0
DA:68,0
DA:70,0
DA:73,0
DA:74,0
DA:75,0
DA:76,0
DA:77,0
DA:79,0
DA:80,0
DA:81,0
DA:83,0
DA:84,0
DA:85,0
DA:86,0
DA:87,0
DA:88,0
DA:89,0
DA:90,0
DA:91,0
DA:92,0
DA:93,0
DA:96,0
DA:100,0
DA:104,0
DA:105,0
DA:106,0
DA:109,0
DA:110,0
DA:111,0
DA:112,0
DA:113,0
DA:115,0
DA:119,0
DA:120,0
DA:121,0
DA:122,0
DA:124,0
DA:128,0
DA:129,0
DA:130,0
DA:131,0
DA:132,0
DA:135,0
DA:136,0
DA:137,0
DA:138,0
DA:139,0
DA:143,0
DA:144,0
DA:145,0
DA:146,0
DA:150,0
DA:151,0
DA:152,0
DA:159,0
DA:160,0
DA:163,0
DA:164,0
DA:165,0
DA:166,0
DA:170,0
DA:171,0
DA:172,0
DA:174,0
DA:175,0
DA:176,0
DA:177,0
DA:180,0
DA:181,0
DA:182,0
DA:183,0
DA:184,0
DA:186,0
DA:187,0
DA:188,0
DA:189,0
DA:191,0
DA:215,0
DA:216,0
DA:217,0
DA:292,0
DA:293,0
DA:295,0
DA:296,0
DA:298,0
DA:299,0
DA:300,0
DA:301,0
DA:303,0
DA:305,0
DA:306,0
DA:307,0
DA:308,0
DA:311,0
DA:312,0
DA:313,0
DA:315,0
DA:317,0
DA:318,0
DA:320,0
DA:321,0
DA:322,0
DA:323,0
DA:325,0
DA:327,0
DA:364,0
DA:365,0
DA:367,0
DA:368,0
DA:369,0
DA:371,0
DA:372,0
DA:373,0
DA:375,0
DA:376,0
DA:378,0
DA:379,0
DA:380,0
DA:381,0
DA:383,0
DA:384,0
DA:385,0
DA:386,0
DA:389,0
DA:393,0
DA:394,0
DA:397,0
DA:398,0
DA:399,0
DA:400,0
DA:404,0
DA:405,0
DA:408,0
DA:409,0
DA:420,0
DA:535,0
DA:541,0
DA:547,0
LF:173
LH:0
BRDA:5,0,0,0
BRDA:6,1,0,0
BRDA:7,2,0,0
BRDA:8,3,0,0
BRDA:9,4,0,0
BRDA:10,5,0,0
BRDA:27,6,0,0
BRDA:27,6,1,0
BRDA:27,7,0,0
BRDA:27,7,1,0
BRDA:34,8,0,0
BRDA:35,9,0,0
BRDA:35,9,1,0
BRDA:39,10,0,0
BRDA:39,10,1,0
BRDA:43,11,0,0
BRDA:43,11,1,0
BRDA:43,12,0,0
BRDA:43,12,1,0
BRDA:52,13,0,0
BRDA:52,13,1,0
BRDA:73,14,0,0
BRDA:73,14,1,0
BRDA:74,15,0,0
BRDA:74,15,1,0
BRDA:74,16,0,0
BRDA:74,16,1,0
BRDA:77,17,0,0
BRDA:77,17,1,0
BRDA:81,18,0,0
BRDA:81,18,1,0
BRDA:83,19,0,0
BRDA:83,19,1,0
BRDA:88,20,0,0
BRDA:88,20,1,0
BRDA:105,21,0,0
BRDA:105,21,1,0
BRDA:144,22,0,0
BRDA:144,22,1,0
BRDA:151,23,0,0
BRDA:151,23,1,0
BRDA:165,24,0,0
BRDA:165,24,1,0
BRDA:172,25,0,0
BRDA:172,25,1,0
BRDA:181,26,0,0
BRDA:181,26,1,0
BRDA:182,27,0,0
BRDA:182,27,1,0
BRDA:183,28,0,0
BRDA:183,28,1,0
BRDA:184,29,0,0
BRDA:184,29,1,0
BRDA:211,30,0,0
BRDA:211,30,1,0
BRDA:211,31,0,0
BRDA:211,31,1,0
BRDA:212,32,0,0
BRDA:212,32,1,0
BRDA:212,33,0,0
BRDA:212,33,1,0
BRDA:213,34,0,0
BRDA:213,34,1,0
BRDA:217,35,0,0
BRDA:217,35,1,0
BRDA:221,36,0,0
BRDA:221,36,1,0
BRDA:236,37,0,0
BRDA:236,37,1,0
BRDA:252,38,0,0
BRDA:252,38,1,0
BRDA:259,39,0,0
BRDA:259,39,1,0
BRDA:281,40,0,0
BRDA:281,40,1,0
BRDA:282,41,0,0
BRDA:282,41,1,0
BRDA:283,42,0,0
BRDA:283,42,1,0
BRDA:293,43,0,0
BRDA:293,43,1,0
BRDA:296,44,0,0
BRDA:296,44,1,0
BRDA:296,45,0,0
BRDA:296,45,1,0
BRDA:303,46,0,0
BRDA:303,46,1,0
BRDA:303,47,0,0
BRDA:303,47,1,0
BRDA:303,47,2,0
BRDA:315,48,0,0
BRDA:315,48,1,0
BRDA:325,49,0,0
BRDA:325,49,1,0
BRDA:335,50,0,0
BRDA:335,50,1,0
BRDA:336,51,0,0
BRDA:336,51,1,0
BRDA:337,52,0,0
BRDA:337,52,1,0
BRDA:353,53,0,0
BRDA:353,53,1,0
BRDA:365,54,0,0
BRDA:365,54,1,0
BRDA:399,55,0,0
BRDA:399,55,1,0
BRDA:408,56,0,0
BRDA:408,56,1,0
BRDA:408,57,0,0
BRDA:408,57,1,0
BRDA:505,58,0,0
BRDA:505,58,1,0
BRDA:547,59,0,0
BRDA:547,59,1,0
BRF:114
BRH:0
end_of_record
TN:
SF:src/PortfolioCharts.js
FN:3,(anonymous_0)
FN:9,(anonymous_1)
FN:10,(anonymous_2)
FN:11,(anonymous_3)
FN:15,(anonymous_4)
FN:16,(anonymous_5)
FN:17,(anonymous_6)
FN:18,(anonymous_7)
FN:21,(anonymous_8)
FN:21,(anonymous_9)
FN:33,(anonymous_10)
FN:34,(anonymous_11)
FN:35,(anonymous_12)
FN:36,(anonymous_13)
FN:37,(anonymous_14)
FN:41,(anonymous_15)
FN:42,(anonymous_16)
FN:43,(anonymous_17)
FN:44,(anonymous_18)
FN:47,(anonymous_19)
FN:48,(anonymous_20)
FN:49,(anonymous_21)
FN:50,(anonymous_22)
FN:53,(anonymous_23)
FN:54,(anonymous_24)
FN:57,(anonymous_25)
FN:69,(anonymous_26)
FN:103,(anonymous_27)
FN:104,(anonymous_28)
FN:113,(anonymous_29)
FN:149,(anonymous_30)
FN:167,(anonymous_31)
FN:168,(anonymous_32)
FN:169,(anonymous_33)
FN:170,(anonymous_34)
FN:177,(anonymous_35)
FN:183,(anonymous_36)
FN:231,(anonymous_37)
FN:232,(anonymous_38)
FN:233,(anonymous_39)
FN:234,(anonymous_40)
FN:263,(anonymous_41)
FNF:42
FNH:0
FNDA:0,(anonymous_0)
FNDA:0,(anonymous_1)
FNDA:0,(anonymous_2)
FNDA:0,(anonymous_3)
FNDA:0,(anonymous_4)
FNDA:0,(anonymous_5)
FNDA:0,(anonymous_6)
FNDA:0,(anonymous_7)
FNDA:0,(anonymous_8)
FNDA:0,(anonymous_9)
FNDA:0,(anonymous_10)
FNDA:0,(anonymous_11)
FNDA:0,(anonymous_12)
FNDA:0,(anonymous_13)
FNDA:0,(anonymous_14)
FNDA:0,(anonymous_15)
FNDA:0,(anonymous_16)
FNDA:0,(anonymous_17)
FNDA:0,(anonymous_18)
FNDA:0,(anonymous_19)
FNDA:0,(anonymous_20)
FNDA:0,(anonymous_21)
FNDA:0,(anonymous_22)
FNDA:0,(anonymous_23)
FNDA:0,(anonymous_24)
FNDA:0,(anonymous_25)
FNDA:0,(anonymous_26)
FNDA:0,(anonymous_27)
FNDA:0,(anonymous_28)
FNDA:0,(anonymous_29)
FNDA:0,(anonymous_30)
FNDA:0,(anonymous_31)
FNDA:0,(anonymous_32)
FNDA:0,(anonymous_33)
FNDA:0,(anonymous_34)
FNDA:0,(anonymous_35)
FNDA:0,(anonymous_36)
FNDA:0,(anonymous_37)
FNDA:0,(anonymous_38)
FNDA:0,(anonymous_39)
FNDA:0,(anonymous_40)
FNDA:0,(anonymous_41)
DA:3,0
DA:6,0
DA:9,0
DA:10,0
DA:11,0
DA:14,0
DA:15,0
DA:16,0
DA:17,0
DA:18,0
DA:21,0
DA:22,0
DA:23,0
DA:32,0
DA:33,0
DA:34,0
DA:35,0
DA:36,0
DA:37,0
DA:40,0
DA:41,0
DA:42,0
DA:43,0
DA:44,0
DA:46,0
DA:47,0
DA:48,0
DA:49,0
DA:50,0
DA:53,0
DA:54,0
DA:57,0
DA:58,0
DA:61,0
DA:62,0
DA:65,0
DA:70,0
DA:71,0
DA:72,0
DA:74,0
DA:103,0
DA:104,0
DA:105,0
DA:107,0
DA:114,0
DA:116,0
DA:118,0
DA:119,0
DA:120,0
DA:121,0
DA:122,0
DA:124,0
DA:150,0
DA:167,0
DA:168,0
DA:169,0
DA:170,0
DA:171,0
DA:173,0
DA:178,0
DA:179,0
DA:180,0
DA:181,0
DA:183,0
DA:184,0
DA:185,0
DA:186,0
DA:187,0
DA:188,0
DA:189,0
DA:193,0
DA:231,0
DA:232,0
DA:233,0
DA:234,0
DA:235,0
DA:237,0
DA:264,0
DA:265,0
DA:289,0
LF:80
LH:0
BRDA:3,0,0,0
BRDA:3,1,0,0
BRDA:24,2,0,0
BRDA:24,2,1,0
BRDA:53,3,0,0
BRDA:53,4,0,0
BRDA:58,5,0,0
BRDA:58,5,1,0
BRDA:71,6,0,0
BRDA:71,6,1,0
BRDA:72,7,0,0
BRDA:72,7,1,0
BRDA:184,8,0,0
BRDA:184,8,1,0
BRDA:184,8,2,0
BRDA:184,8,3,0
BRDA:184,8,4,0
BRDA:208,9,0,0
BRDA:208,9,1,0
BRDA:293,10,0,0
BRDA:293,10,1,0
BRDA:300,11,0,0
BRDA:300,11,1,0
BRDA:309,12,0,0
BRDA:309,12,1,0
BRDA:320,13,0,0
BRDA:320,13,1,0
BRDA:327,14,0,0
BRDA:327,14,1,0
BRDA:336,15,0,0
BRDA:336,15,1,0
BRF:31
BRH:0
end_of_record
TN:
SF:src/PortfolioDashboard.js
FN:6,(anonymous_0)
FN:21,(anonymous_1)
FN:30,(anonymous_2)
FN:40,(anonymous_3)
FN:51,(anonymous_4)
FN:66,(anonymous_5)
FN:67,(anonymous_6)
FN:68,(anonymous_7)
FN:69,(anonymous_8)
FN:71,(anonymous_9)
FN:77,(anonymous_10)
FN:182,(anonymous_11)
FN:189,(anonymous_12)
FN:208,(anonymous_13)
FN:216,(anonymous_14)
FN:224,(anonymous_15)
FN:251,(anonymous_16)
FN:262,(anonymous_17)
FN:272,(anonymous_18)
FN:285,(anonymous_19)
FN:360,(anonymous_20)
FN:375,(anonymous_21)
FNF:22
FNH:0
FNDA:0,(anonymous_0)
FNDA:0,(anonymous_1)
FNDA:0,(anonymous_2)
FNDA:0,(anonymous_3)
FNDA:0,(anonymous_4)
FNDA:0,(anonymous_5)
FNDA:0,(anonymous_6)
FNDA:0,(anonymous_7)
FNDA:0,(anonymous_8)
FNDA:0,(anonymous_9)
FNDA:0,(anonymous_10)
FNDA:0,(anonymous_11)
FNDA:0,(anonymous_12)
FNDA:0,(anonymous_13)
FNDA:0,(anonymous_14)
FNDA:0,(anonymous_15)
FNDA:0,(anonymous_16)
FNDA:0,(anonymous_17)
FNDA:0,(anonymous_18)
FNDA:0,(anonymous_19)
FNDA:0,(anonymous_20)
FNDA:0,(anonymous_21)
DA:6,0
DA:18,0
DA:19,0
DA:21,0
DA:22,0
DA:23,0
DA:24,0
DA:25,0
DA:26,0
DA:30,0
DA:31,0
DA:32,0
DA:33,0
DA:34,0
DA:35,0
DA:36,0
DA:40,0
DA:41,0
DA:42,0
DA:43,0
DA:44,0
DA:45,0
DA:46,0
DA:51,0
DA:52,0
DA:53,0
DA:65,0
DA:66,0
DA:67,0
DA:68,0
DA:69,0
DA:70,0
DA:71,0
DA:75,0
DA:76,0
DA:77,0
DA:79,0
DA:92,0
DA:94,0
DA:182,0
DA:189,0
DA:208,0
DA:217,0
DA:224,0
DA:252,0
DA:253,0
DA:254,0
DA:263,0
DA:264,0
DA:273,0
DA:274,0
DA:276,0
DA:286,0
DA:287,0
DA:361,0
DA:362,0
DA:376,0
LF:57
LH:0
BRDA:22,0,0,0
BRDA:22,0,1,0
BRDA:22,0,2,0
BRDA:22,0,3,0
BRDA:31,1,0,0
BRDA:31,1,1,0
BRDA:31,1,2,0
BRDA:31,1,3,0
BRDA:31,1,4,0
BRDA:41,2,0,0
BRDA:41,2,1,0
BRDA:41,2,2,0
BRDA:41,2,3,0
BRDA:41,2,4,0
BRDA:52,3,0,0
BRDA:52,3,1,0
BRDA:52,4,0,0
BRDA:52,4,1,0
BRDA:69,5,0,0
BRDA:69,5,1,0
BRDA:70,6,0,0
BRDA:70,6,1,0
BRDA:71,7,0,0
BRDA:71,7,1,0
BRDA:75,8,0,0
BRDA:75,8,1,0
BRDA:76,9,0,0
BRDA:76,9,1,0
BRDA:77,10,0,0
BRDA:77,10,1,0
BRDA:92,11,0,0
BRDA:92,11,1,0
BRDA:203,12,0,0
BRDA:203,12,1,0
BRDA:220,13,0,0
BRDA:220,13,1,0
BRDA:274,14,0,0
BRDA:274,14,1,0
BRDA:303,15,0,0
BRDA:303,15,1,0
BRDA:309,16,0,0
BRDA:309,16,1,0
BRDA:315,17,0,0
BRDA:315,17,1,0
BRDA:342,18,0,0
BRDA:342,18,1,0
BRDA:342,18,2,0
BRF:47
BRH:0
end_of_record
TN:
SF:src/PortfolioSettings.js
FN:3,(anonymous_0)
FN:16,(anonymous_1)
FN:17,(anonymous_2)
FN:18,(anonymous_3)
FN:19,(anonymous_4)
FN:30,(anonymous_5)
FN:31,(anonymous_6)
FN:35,(anonymous_7)
FN:36,(anonymous_8)
FN:40,(anonymous_9)
FN:41,(anonymous_10)
FN:45,(anonymous_11)
FN:46,(anonymous_12)
FN:50,(anonymous_13)
FN:76,(anonymous_14)
FN:86,(anonymous_15)
FN:96,(anonymous_16)
FN:106,(anonymous_17)
FN:206,(anonymous_18)
FN:241,(anonymous_19)
FN:279,(anonymous_20)
FNF:21
FNH:0
FNDA:0,(anonymous_0)
FNDA:0,(anonymous_1)
FNDA:0,(anonymous_2)
FNDA:0,(anonymous_3)
FNDA:0,(anonymous_4)
FNDA:0,(anonymous_5)
FNDA:0,(anonymous_6)
FNDA:0,(anonymous_7)
FNDA:0,(anonymous_8)
FNDA:0,(anonymous_9)
FNDA:0,(anonymous_10)
FNDA:0,(anonymous_11)
FNDA:0,(anonymous_12)
FNDA:0,(anonymous_13)
FNDA:0,(anonymous_14)
FNDA:0,(anonymous_15)
FNDA:0,(anonymous_16)
FNDA:0,(anonymous_17)
FNDA:0,(anonymous_18)
FNDA:0,(anonymous_19)
FNDA:0,(anonymous_20)
DA:3,0
DA:11,0
DA:14,0
DA:16,0
DA:17,0
DA:18,0
DA:19,0
DA:27,0
DA:30,0
DA:31,0
DA:35,0
DA:36,0
DA:40,0
DA:41,0
DA:45,0
DA:46,0
DA:50,0
DA:51,0
DA:52,0
DA:53,0
DA:54,0
DA:55,0
DA:58,0
DA:76,0
DA:86,0
DA:96,0
DA:106,0
DA:207,0
DA:208,0
DA:209,0
DA:210,0
DA:242,0
DA:279,0
LF:33
LH:0
BRDA:21,0,0,0
BRDA:21,0,1,0
BRDA:30,1,0,0
BRDA:30,1,1,0
BRDA:31,2,0,0
BRDA:31,2,1,0
BRDA:35,3,0,0
BRDA:35,3,1,0
BRDA:36,4,0,0
BRDA:36,4,1,0
BRDA:45,5,0,0
BRDA:45,5,1,0
BRDA:46,6,0,0
BRDA:46,6,1,0
BRDA:51,7,0,0
BRDA:51,7,1,0
BRDA:78,8,0,0
BRDA:78,8,1,0
BRDA:88,9,0,0
BRDA:88,9,1,0
BRDA:98,10,0,0
BRDA:98,10,1,0
BRDA:108,11,0,0
BRDA:108,11,1,0
BRDA:122,12,0,0
BRDA:122,12,1,0
BRDA:173,13,0,0
BRDA:173,13,1,0
BRDA:182,14,0,0
BRDA:182,14,1,0
BRDA:208,15,0,0
BRDA:208,15,1,0
BRDA:236,16,0,0
BRDA:236,16,1,0
BRDA:245,17,0,0
BRDA:245,17,1,0
BRDA:252,18,0,0
BRDA:252,18,1,0
BRDA:254,19,0,0
BRDA:254,19,1,0
BRDA:258,20,0,0
BRDA:258,20,1,0
BRDA:262,21,0,0
BRDA:262,21,1,0
BRDA:279,22,0,0
BRDA:279,22,1,0
BRDA:291,23,0,0
BRDA:291,23,1,0
BRF:48
BRH:0
end_of_record
TN:
SF:src/PortfolioStrategic.js
FN:4,(anonymous_0)
FN:14,(anonymous_1)
FN:31,(anonymous_2)
FN:37,(anonymous_3)
FN:40,(anonymous_4)
FN:64,(anonymous_5)
FN:76,(anonymous_6)
FN:85,(anonymous_7)
FN:97,(anonymous_8)
FN:175,(anonymous_9)
FN:188,(anonymous_10)
FN:221,(anonymous_11)
FN:278,(anonymous_12)
FN:281,(anonymous_13)
FN:307,(anonymous_14)
FN:317,(anonymous_15)
FN:317,(anonymous_16)
FN:330,(anonymous_17)
FN:380,(anonymous_18)
FN:383,(anonymous_19)
FN:389,(anonymous_20)
FN:415,(anonymous_21)
FN:419,(anonymous_22)
FN:427,(anonymous_23)
FN:455,(anonymous_24)
FN:466,(anonymous_25)
FN:476,(anonymous_26)
FN:514,(anonymous_27)
FN:515,(anonymous_28)
FN:543,(anonymous_29)
FN:544,(anonymous_30)
FN:574,(anonymous_31)
FN:574,(anonymous_32)
FN:580,(anonymous_33)
FN:580,(anonymous_34)
FN:586,(anonymous_35)
FN:615,(anonymous_36)
FN:632,(anonymous_37)
FN:655,(anonymous_38)
FN:667,(anonymous_39)
FN:671,(anonymous_40)
FN:683,(anonymous_41)
FN:687,(anonymous_42)
FN:698,(anonymous_43)
FN:711,(anonymous_44)
FN:728,(anonymous_45)
FN:736,(anonymous_46)
FN:747,(anonymous_47)
FN:751,(anonymous_48)
FN:762,(anonymous_49)
FN:771,(anonymous_50)
FN:787,(anonymous_51)
FN:796,(anonymous_52)
FN:814,(anonymous_53)
FN:825,(anonymous_54)
FN:836,(anonymous_55)
FN:844,(anonymous_56)
FNF:57
FNH:0
FNDA:0,(anonymous_0)
FNDA:0,(anonymous_1)
FNDA:0,(anonymous_2)
FNDA:0,(anonymous_3)
FNDA:0,(anonymous_4)
FNDA:0,(anonymous_5)
FNDA:0,(anonymous_6)
FNDA:0,(anonymous_7)
FNDA:0,(anonymous_8)
FNDA:0,(anonymous_9)
FNDA:0,(anonymous_10)
FNDA:0,(anonymous_11)
FNDA:0,(anonymous_12)
FNDA:0,(anonymous_13)
FNDA:0,(anonymous_14)
FNDA:0,(anonymous_15)
FNDA:0,(anonymous_16)
FNDA:0,(anonymous_17)
FNDA:0,(anonymous_18)
FNDA:0,(anonymous_19)
FNDA:0,(anonymous_20)
FNDA:0,(anonymous_21)
FNDA:0,(anonymous_22)
FNDA:0,(anonymous_23)
FNDA:0,(anonymous_24)
FNDA:0,(anonymous_25)
FNDA:0,(anonymous_26)
FNDA:0,(anonymous_27)
FNDA:0,(anonymous_28)
FNDA:0,(anonymous_29)
FNDA:0,(anonymous_30)
FNDA:0,(anonymous_31)
FNDA:0,(anonymous_32)
FNDA:0,(anonymous_33)
FNDA:0,(anonymous_34)
FNDA:0,(anonymous_35)
FNDA:0,(anonymous_36)
FNDA:0,(anonymous_37)
FNDA:0,(anonymous_38)
FNDA:0,(anonymous_39)
FNDA:0,(anonymous_40)
FNDA:0,(anonymous_41)
FNDA:0,(anonymous_42)
FNDA:0,(anonymous_43)
FNDA:0,(anonymous_44)
FNDA:0,(anonymous_45)
FNDA:0,(anonymous_46)
FNDA:0,(anonymous_47)
FNDA:0,(anonymous_48)
FNDA:0,(anonymous_49)
FNDA:0,(anonymous_50)
FNDA:0,(anonymous_51)
FNDA:0,(anonymous_52)
FNDA:0,(anonymous_53)
FNDA:0,(anonymous_54)
FNDA:0,(anonymous_55)
FNDA:0,(anonymous_56)
DA:4,0
DA:5,0
DA:6,0
DA:14,0
DA:24,0
DA:25,0
DA:26,0
DA:27,0
DA:28,0
DA:31,0
DA:32,0
DA:33,0
DA:37,0
DA:40,0
DA:41,0
DA:64,0
DA:65,0
DA:66,0
DA:67,0
DA:68,0
DA:69,0
DA:70,0
DA:71,0
DA:72,0
DA:76,0
DA:77,0
DA:78,0
DA:79,0
DA:80,0
DA:81,0
DA:85,0
DA:86,0
DA:87,0
DA:88,0
DA:89,0
DA:90,0
DA:91,0
DA:92,0
DA:93,0
DA:97,0
DA:98,0
DA:100,0
DA:102,0
DA:103,0
DA:104,0
DA:105,0
DA:107,0
DA:109,0
DA:112,0
DA:113,0
DA:115,0
DA:117,0
DA:120,0
DA:121,0
DA:123,0
DA:125,0
DA:128,0
DA:129,0
DA:131,0
DA:133,0
DA:136,0
DA:137,0
DA:138,0
DA:139,0
DA:141,0
DA:143,0
DA:146,0
DA:147,0
DA:148,0
DA:149,0
DA:150,0
DA:151,0
DA:153,0
DA:155,0
DA:158,0
DA:159,0
DA:160,0
DA:161,0
DA:163,0
DA:165,0
DA:168,0
DA:171,0
DA:172,0
DA:175,0
DA:176,0
DA:177,0
DA:178,0
DA:180,0
DA:181,0
DA:182,0
DA:184,0
DA:185,0
DA:188,0
DA:189,0
DA:192,0
DA:193,0
DA:194,0
DA:195,0
DA:196,0
DA:197,0
DA:198,0
DA:200,0
DA:203,0
DA:205,0
DA:206,0
DA:209,0
DA:210,0
DA:211,0
DA:213,0
DA:214,0
DA:216,0
DA:217,0
DA:218,0
DA:221,0
DA:222,0
DA:245,0
DA:246,0
DA:249,0
DA:279,0
DA:281,0
DA:307,0
DA:317,0
DA:330,0
DA:380,0
DA:383,0
DA:389,0
DA:416,0
DA:417,0
DA:420,0
DA:427,0
DA:456,0
DA:457,0
DA:458,0
DA:467,0
DA:468,0
DA:477,0
DA:478,0
DA:515,0
DA:516,0
DA:517,0
DA:544,0
DA:545,0
DA:546,0
DA:574,0
DA:580,0
DA:586,0
DA:616,0
DA:617,0
DA:633,0
DA:653,0
DA:655,0
DA:668,0
DA:669,0
DA:671,0
DA:684,0
DA:685,0
DA:687,0
DA:698,0
DA:711,0
DA:729,0
DA:730,0
DA:732,0
DA:733,0
DA:736,0
DA:748,0
DA:749,0
DA:751,0
DA:763,0
DA:765,0
DA:766,0
DA:767,0
DA:768,0
DA:772,0
DA:773,0
DA:788,0
DA:790,0
DA:791,0
DA:792,0
DA:793,0
DA:797,0
DA:798,0
DA:814,0
DA:825,0
DA:836,0
DA:845,0
DA:846,0
LF:186
LH:0
BRDA:5,0,0,0
BRDA:5,0,1,0
BRDA:32,1,0,0
BRDA:32,1,1,0
BRDA:65,2,0,0
BRDA:65,2,1,0
BRDA:65,2,2,0
BRDA:65,2,3,0
BRDA:65,2,4,0
BRDA:65,2,5,0
BRDA:65,2,6,0
BRDA:77,3,0,0
BRDA:77,3,1,0
BRDA:77,3,2,0
BRDA:77,3,3,0
BRDA:86,4,0,0
BRDA:86,4,1,0
BRDA:86,4,2,0
BRDA:86,4,3,0
BRDA:86,4,4,0
BRDA:86,4,5,0
BRDA:86,4,6,0
BRDA:100,5,0,0
BRDA:100,5,1,0
BRDA:100,5,2,0
BRDA:100,5,3,0
BRDA:100,5,4,0
BRDA:100,5,5,0
BRDA:100,5,6,0
BRDA:100,5,7,0
BRDA:102,6,0,0
BRDA:102,6,1,0
BRDA:102,7,0,0
BRDA:102,7,1,0
BRDA:104,8,0,0
BRDA:104,8,1,0
BRDA:112,9,0,0
BRDA:112,9,1,0
BRDA:112,10,0,0
BRDA:112,10,1,0
BRDA:120,11,0,0
BRDA:120,11,1,0
BRDA:120,12,0,0
BRDA:120,12,1,0
BRDA:128,13,0,0
BRDA:128,13,1,0
BRDA:136,14,0,0
BRDA:136,14,1,0
BRDA:138,15,0,0
BRDA:138,15,1,0
BRDA:138,16,0,0
BRDA:138,16,1,0
BRDA:146,17,0,0
BRDA:146,17,1,0
BRDA:146,18,0,0
BRDA:146,18,1,0
BRDA:148,19,0,0
BRDA:148,19,1,0
BRDA:148,20,0,0
BRDA:148,20,1,0
BRDA:150,21,0,0
BRDA:150,21,1,0
BRDA:158,22,0,0
BRDA:158,22,1,0
BRDA:158,23,0,0
BRDA:158,23,1,0
BRDA:160,24,0,0
BRDA:160,24,1,0
BRDA:160,25,0,0
BRDA:160,25,1,0
BRDA:203,26,0,0
BRDA:203,26,1,0
BRDA:203,27,0,0
BRDA:203,27,1,0
BRDA:203,27,2,0
BRDA:203,27,3,0
BRDA:203,27,4,0
BRDA:203,27,5,0
BRDA:203,27,6,0
BRDA:209,28,0,0
BRDA:209,28,1,0
BRDA:283,29,0,0
BRDA:283,29,1,0
BRDA:297,30,0,0
BRDA:297,30,1,0
BRDA:330,31,0,0
BRDA:330,31,1,0
BRDA:339,32,0,0
BRDA:339,32,1,0
BRDA:362,33,0,0
BRDA:362,33,1,0
BRDA:374,34,0,0
BRDA:374,34,1,0
BRDA:381,35,0,0
BRDA:381,35,1,0
BRDA:401,36,0,0
BRDA:401,36,1,0
BRDA:416,37,0,0
BRDA:416,37,1,0
BRDA:423,38,0,0
BRDA:423,38,1,0
BRDA:449,39,0,0
BRDA:449,39,1,0
BRDA:495,40,0,0
BRDA:495,40,1,0
BRDA:516,41,0,0
BRDA:516,41,1,0
BRDA:545,42,0,0
BRDA:545,42,1,0
BRDA:586,43,0,0
BRDA:586,43,1,0
BRDA:605,44,0,0
BRDA:605,44,1,0
BRDA:612,45,0,0
BRDA:612,45,1,0
BRDA:630,46,0,0
BRDA:630,46,1,0
BRDA:631,47,0,0
BRDA:631,47,1,0
BRDA:665,48,0,0
BRDA:665,48,1,0
BRDA:666,49,0,0
BRDA:666,49,1,0
BRDA:681,50,0,0
BRDA:681,50,1,0
BRDA:682,51,0,0
BRDA:682,51,1,0
BRDA:697,52,0,0
BRDA:697,52,1,0
BRDA:710,53,0,0
BRDA:710,53,1,0
BRDA:726,54,0,0
BRDA:726,54,1,0
BRDA:727,55,0,0
BRDA:727,55,1,0
BRDA:732,56,0,0
BRDA:732,56,1,0
BRDA:745,57,0,0
BRDA:745,57,1,0
BRDA:746,58,0,0
BRDA:746,58,1,0
BRDA:760,59,0,0
BRDA:760,59,1,0
BRDA:761,60,0,0
BRDA:761,60,1,0
BRDA:765,61,0,0
BRDA:765,61,1,0
BRDA:765,62,0,0
BRDA:765,62,1,0
BRDA:766,63,0,0
BRDA:766,63,1,0
BRDA:772,64,0,0
BRDA:772,64,1,0
BRDA:785,65,0,0
BRDA:785,65,1,0
BRDA:786,66,0,0
BRDA:786,66,1,0
BRDA:790,67,0,0
BRDA:790,67,1,0
BRDA:790,68,0,0
BRDA:790,68,1,0
BRDA:791,69,0,0
BRDA:791,69,1,0
BRDA:797,70,0,0
BRDA:797,70,1,0
BRDA:813,71,0,0
BRDA:813,71,1,0
BRDA:824,72,0,0
BRDA:824,72,1,0
BRDA:835,73,0,0
BRDA:835,73,1,0
BRDA:856,74,0,0
BRDA:856,74,1,0
BRDA:861,75,0,0
BRDA:861,75,1,0
BRF:175
BRH:0
end_of_record
TN:
SF:src/ProjectArchive.js
FN:4,(anonymous_0)
FN:20,(anonymous_1)
FN:38,(anonymous_2)
FN:42,(anonymous_3)
FN:43,(anonymous_4)
FN:44,(anonymous_5)
FN:45,(anonymous_6)
FN:61,(anonymous_7)
FN:63,(anonymous_8)
FN:73,(anonymous_9)
FN:89,(anonymous_10)
FN:107,(anonymous_11)
FN:172,(anonymous_12)
FN:434,(anonymous_13)
FN:446,(anonymous_14)
FNF:15
FNH:0
FNDA:0,(anonymous_0)
FNDA:0,(anonymous_1)
FNDA:0,(anonymous_2)
FNDA:0,(anonymous_3)
FNDA:0,(anonymous_4)
FNDA:0,(anonymous_5)
FNDA:0,(anonymous_6)
FNDA:0,(anonymous_7)
FNDA:0,(anonymous_8)
FNDA:0,(anonymous_9)
FNDA:0,(anonymous_10)
FNDA:0,(anonymous_11)
FNDA:0,(anonymous_12)
FNDA:0,(anonymous_13)
FNDA:0,(anonymous_14)
DA:4,0
DA:16,0
DA:17,0
DA:20,0
DA:21,0
DA:22,0
DA:23,0
DA:24,0
DA:26,0
DA:27,0
DA:31,0
DA:34,0
DA:35,0
DA:38,0
DA:39,0
DA:41,0
DA:42,0
DA:43,0
DA:44,0
DA:45,0
DA:47,0
DA:48,0
DA:49,0
DA:51,0
DA:61,0
DA:63,0
DA:73,0
DA:74,0
DA:77,0
DA:80,0
DA:83,0
DA:85,0
DA:89,0
DA:90,0
DA:92,0
DA:93,0
DA:95,0
DA:97,0
DA:105,0
DA:106,0
DA:107,0
DA:111,0
DA:147,0
DA:148,0
DA:150,0
DA:151,0
DA:152,0
DA:153,0
DA:154,0
DA:155,0
DA:157,0
DA:160,0
DA:161,0
DA:165,0
DA:167,0
DA:172,0
DA:173,0
DA:175,0
DA:176,0
DA:179,0
DA:180,0
DA:183,0
DA:184,0
DA:187,0
DA:188,0
DA:191,0
DA:192,0
DA:195,0
DA:198,0
DA:199,0
DA:207,0
DA:434,0
DA:435,0
DA:436,0
DA:437,0
DA:438,0
DA:439,0
DA:440,0
DA:441,0
DA:442,0
DA:446,0
DA:447,0
DA:448,0
DA:449,0
DA:450,0
DA:451,0
DA:452,0
DA:453,0
DA:454,0
LF:89
LH:0
BRDA:21,0,0,0
BRDA:21,0,1,0
BRDA:24,1,0,0
BRDA:24,1,1,0
BRDA:39,2,0,0
BRDA:39,2,1,0
BRDA:43,3,0,0
BRDA:43,3,1,0
BRDA:44,4,0,0
BRDA:44,4,1,0
BRDA:45,5,0,0
BRDA:45,5,1,0
BRDA:47,6,0,0
BRDA:47,6,1,0
BRDA:48,7,0,0
BRDA:48,7,1,0
BRDA:49,8,0,0
BRDA:49,8,1,0
BRDA:74,9,0,0
BRDA:74,9,1,0
BRDA:77,10,0,0
BRDA:77,10,1,0
BRDA:80,11,0,0
BRDA:80,11,1,0
BRDA:83,12,0,0
BRDA:83,12,1,0
BRDA:90,13,0,0
BRDA:90,13,1,0
BRDA:160,14,0,0
BRDA:160,14,1,0
BRDA:175,15,0,0
BRDA:175,15,1,0
BRDA:179,16,0,0
BRDA:179,16,1,0
BRDA:183,17,0,0
BRDA:183,17,1,0
BRDA:187,18,0,0
BRDA:187,18,1,0
BRDA:191,19,0,0
BRDA:191,19,1,0
BRDA:198,20,0,0
BRDA:198,20,1,0
BRDA:277,21,0,0
BRDA:277,21,1,0
BRDA:288,22,0,0
BRDA:288,22,1,0
BRDA:294,23,0,0
BRDA:294,23,1,0
BRDA:312,24,0,0
BRDA:312,24,1,0
BRDA:313,25,0,0
BRDA:313,25,1,0
BRDA:318,26,0,0
BRDA:318,26,1,0
BRDA:319,27,0,0
BRDA:319,27,1,0
BRDA:324,28,0,0
BRDA:324,28,1,0
BRDA:325,29,0,0
BRDA:325,29,1,0
BRDA:331,30,0,0
BRDA:331,30,1,0
BRDA:388,31,0,0
BRDA:388,31,1,0
BRDA:416,32,0,0
BRDA:416,32,1,0
BRDA:419,33,0,0
BRDA:419,33,1,0
BRDA:419,34,0,0
BRDA:419,34,1,0
BRDA:425,35,0,0
BRDA:425,35,1,0
BRDA:435,36,0,0
BRDA:435,36,1,0
BRDA:435,36,2,0
BRDA:435,36,3,0
BRDA:435,36,4,0
BRDA:435,36,5,0
BRDA:435,36,6,0
BRDA:447,37,0,0
BRDA:447,37,1,0
BRDA:447,37,2,0
BRDA:447,37,3,0
BRDA:447,37,4,0
BRDA:447,37,5,0
BRDA:447,37,6,0
BRF:86
BRH:0
end_of_record
TN:
SF:src/ProjectAudit.js
FN:5,(anonymous_0)
FN:23,(anonymous_1)
FN:29,(anonymous_2)
FN:39,(anonymous_3)
FN:60,(anonymous_4)
FN:82,(anonymous_5)
FN:105,(anonymous_6)
FN:128,(anonymous_7)
FN:147,(anonymous_8)
FN:166,(anonymous_9)
FN:186,(anonymous_10)
FN:206,(anonymous_11)
FN:227,(anonymous_12)
FN:231,(anonymous_13)
FN:236,(anonymous_14)
FN:247,(anonymous_15)
FN:251,(anonymous_16)
FN:255,(anonymous_17)
FN:259,(anonymous_18)
FN:266,(anonymous_19)
FN:276,(anonymous_20)
FN:289,(anonymous_21)
FN:298,(anonymous_22)
FN:313,(anonymous_23)
FN:372,(anonymous_24)
FN:390,(anonymous_25)
FN:407,(anonymous_26)
FN:419,(anonymous_27)
FN:443,(anonymous_28)
FN:450,(anonymous_29)
FN:479,(anonymous_30)
FN:515,(anonymous_31)
FNF:32
FNH:0
FNDA:0,(anonymous_0)
FNDA:0,(anonymous_1)
FNDA:0,(anonymous_2)
FNDA:0,(anonymous_3)
FNDA:0,(anonymous_4)
FNDA:0,(anonymous_5)
FNDA:0,(anonymous_6)
FNDA:0,(anonymous_7)
FNDA:0,(anonymous_8)
FNDA:0,(anonymous_9)
FNDA:0,(anonymous_10)
FNDA:0,(anonymous_11)
FNDA:0,(anonymous_12)
FNDA:0,(anonymous_13)
FNDA:0,(anonymous_14)
FNDA:0,(anonymous_15)
FNDA:0,(anonymous_16)
FNDA:0,(anonymous_17)
FNDA:0,(anonymous_18)
FNDA:0,(anonymous_19)
FNDA:0,(anonymous_20)
FNDA:0,(anonymous_21)
FNDA:0,(anonymous_22)
FNDA:0,(anonymous_23)
FNDA:0,(anonymous_24)
FNDA:0,(anonymous_25)
FNDA:0,(anonymous_26)
FNDA:0,(anonymous_27)
FNDA:0,(anonymous_28)
FNDA:0,(anonymous_29)
FNDA:0,(anonymous_30)
FNDA:0,(anonymous_31)
DA:5,0
DA:18,0
DA:19,0
DA:20,0
DA:21,0
DA:23,0
DA:26,0
DA:29,0
DA:30,0
DA:32,0
DA:33,0
DA:36,0
DA:39,0
DA:40,0
DA:60,0
DA:61,0
DA:62,0
DA:82,0
DA:83,0
DA:84,0
DA:105,0
DA:106,0
DA:107,0
DA:128,0
DA:129,0
DA:147,0
DA:148,0
DA:166,0
DA:167,0
DA:186,0
DA:187,0
DA:206,0
DA:207,0
DA:227,0
DA:231,0
DA:232,0
DA:235,0
DA:236,0
DA:240,0
DA:241,0
DA:242,0
DA:244,0
DA:246,0
DA:247,0
DA:248,0
DA:250,0
DA:251,0
DA:252,0
DA:254,0
DA:255,0
DA:256,0
DA:258,0
DA:259,0
DA:260,0
DA:265,0
DA:266,0
DA:267,0
DA:273,0
DA:276,0
DA:277,0
DA:278,0
DA:279,0
DA:280,0
DA:281,0
DA:282,0
DA:283,0
DA:284,0
DA:285,0
DA:289,0
DA:290,0
DA:291,0
DA:292,0
DA:293,0
DA:294,0
DA:298,0
DA:299,0
DA:300,0
DA:301,0
DA:302,0
DA:303,0
DA:304,0
DA:305,0
DA:306,0
DA:307,0
DA:308,0
DA:309,0
DA:313,0
DA:314,0
DA:317,0
DA:318,0
DA:326,0
DA:372,0
DA:390,0
DA:407,0
DA:420,0
DA:421,0
DA:443,0
DA:450,0
DA:480,0
DA:516,0
LF:100
LH:0
BRDA:16,0,0,0
BRDA:30,1,0,0
BRDA:30,1,1,0
BRDA:33,2,0,0
BRDA:33,2,1,0
BRDA:39,3,0,0
BRDA:39,3,1,0
BRDA:39,4,0,0
BRDA:39,4,1,0
BRDA:51,5,0,0
BRDA:51,5,1,0
BRDA:52,6,0,0
BRDA:52,6,1,0
BRDA:61,7,0,0
BRDA:61,7,1,0
BRDA:61,8,0,0
BRDA:61,8,1,0
BRDA:61,8,2,0
BRDA:73,9,0,0
BRDA:73,9,1,0
BRDA:83,10,0,0
BRDA:83,10,1,0
BRDA:83,11,0,0
BRDA:83,11,1,0
BRDA:86,12,0,0
BRDA:86,12,1,0
BRDA:86,12,2,0
BRDA:98,13,0,0
BRDA:98,13,1,0
BRDA:106,14,0,0
BRDA:106,14,1,0
BRDA:106,15,0,0
BRDA:106,15,1,0
BRDA:106,15,2,0
BRDA:109,16,0,0
BRDA:109,16,1,0
BRDA:109,16,2,0
BRDA:131,17,0,0
BRDA:131,17,1,0
BRDA:131,17,2,0
BRDA:150,18,0,0
BRDA:150,18,1,0
BRDA:150,18,2,0
BRDA:169,19,0,0
BRDA:169,19,1,0
BRDA:169,19,2,0
BRDA:189,20,0,0
BRDA:189,20,1,0
BRDA:189,20,2,0
BRDA:209,21,0,0
BRDA:209,21,1,0
BRDA:209,21,2,0
BRDA:235,22,0,0
BRDA:235,22,1,0
BRDA:240,23,0,0
BRDA:240,23,1,0
BRDA:244,24,0,0
BRDA:244,24,1,0
BRDA:244,24,2,0
BRDA:244,24,3,0
BRDA:265,25,0,0
BRDA:265,25,1,0
BRDA:267,26,0,0
BRDA:267,26,1,0
BRDA:267,26,2,0
BRDA:277,27,0,0
BRDA:277,27,1,0
BRDA:277,27,2,0
BRDA:277,27,3,0
BRDA:277,27,4,0
BRDA:277,27,5,0
BRDA:277,27,6,0
BRDA:277,27,7,0
BRDA:290,28,0,0
BRDA:290,28,1,0
BRDA:290,28,2,0
BRDA:290,28,3,0
BRDA:299,29,0,0
BRDA:299,29,1,0
BRDA:299,29,2,0
BRDA:299,29,3,0
BRDA:299,29,4,0
BRDA:299,29,5,0
BRDA:299,29,6,0
BRDA:299,29,7,0
BRDA:299,29,8,0
BRDA:299,29,9,0
BRDA:317,30,0,0
BRDA:317,30,1,0
BRDA:420,31,0,0
BRDA:420,31,1,0
BRDA:457,32,0,0
BRDA:457,32,1,0
BRDA:472,33,0,0
BRDA:472,33,1,0
BRDA:509,34,0,0
BRDA:509,34,1,0
BRF:97
BRH:0
end_of_record
TN:
SF:src/ProjectSelector.js
FN:3,(anonymous_0)
FN:13,(anonymous_1)
FN:15,(anonymous_2)
FN:21,(anonymous_3)
FN:31,(anonymous_4)
FN:45,(anonymous_5)
FN:56,(anonymous_6)
FN:64,(anonymous_7)
FN:81,(anonymous_8)
FN:93,(anonymous_9)
FN:101,(anonymous_10)
FN:154,(anonymous_11)
FNF:12
FNH:0
FNDA:0,(anonymous_0)
FNDA:0,(anonymous_1)
FNDA:0,(anonymous_2)
FNDA:0,(anonymous_3)
FNDA:0,(anonymous_4)
FNDA:0,(anonymous_5)
FNDA:0,(anonymous_6)
FNDA:0,(anonymous_7)
FNDA:0,(anonymous_8)
FNDA:0,(anonymous_9)
FNDA:0,(anonymous_10)
FNDA:0,(anonymous_11)
DA:3,0
DA:10,0
DA:11,0
DA:13,0
DA:15,0
DA:16,0
DA:21,0
DA:22,0
DA:23,0
DA:24,0
DA:25,0
DA:26,0
DA:27,0
DA:31,0
DA:32,0
DA:33,0
DA:34,0
DA:35,0
DA:36,0
DA:40,0
DA:45,0
DA:56,0
DA:64,0
DA:81,0
DA:94,0
DA:102,0
DA:103,0
DA:104,0
DA:154,0
LF:29
LH:0
BRDA:16,0,0,0
BRDA:16,0,1,0
BRDA:16,0,2,0
BRDA:22,1,0,0
BRDA:22,1,1,0
BRDA:22,1,2,0
BRDA:22,1,3,0
BRDA:22,1,4,0
BRDA:32,2,0,0
BRDA:32,2,1,0
BRDA:32,2,2,0
BRDA:32,2,3,0
BRDA:50,3,0,0
BRDA:50,3,1,0
BRDA:73,4,0,0
BRDA:73,4,1,0
BRDA:88,5,0,0
BRDA:88,5,1,0
BRDA:90,6,0,0
BRDA:90,6,1,0
BRDA:97,7,0,0
BRDA:97,7,1,0
BRDA:128,8,0,0
BRDA:128,8,1,0
BRDA:138,9,0,0
BRDA:138,9,1,0
BRDA:151,10,0,0
BRDA:151,10,1,0
BRF:28
BRH:0
end_of_record
TN:
SF:src/ReportsManagement.js
FN:4,(anonymous_0)
FN:26,(anonymous_1)
FN:29,(anonymous_2)
FN:30,(anonymous_3)
FN:31,(anonymous_4)
FN:32,(anonymous_5)
FN:33,(anonymous_6)
FN:39,(anonymous_7)
FN:77,(anonymous_8)
FN:106,(anonymous_9)
FN:199,(anonymous_10)
FN:210,(anonymous_11)
FN:247,(anonymous_12)
FN:330,(anonymous_13)
FN:365,(anonymous_14)
FN:403,(anonymous_15)
FN:475,(anonymous_16)
FN:574,(anonymous_17)
FN:616,(anonymous_18)
FN:637,(anonymous_19)
FN:640,(anonymous_20)
FNF:21
FNH:0
FNDA:0,(anonymous_0)
FNDA:0,(anonymous_1)
FNDA:0,(anonymous_2)
FNDA:0,(anonymous_3)
FNDA:0,(anonymous_4)
FNDA:0,(anonymous_5)
FNDA:0,(anonymous_6)
FNDA:0,(anonymous_7)
FNDA:0,(anonymous_8)
FNDA:0,(anonymous_9)
FNDA:0,(anonymous_10)
FNDA:0,(anonymous_11)
FNDA:0,(anonymous_12)
FNDA:0,(anonymous_13)
FNDA:0,(anonymous_14)
FNDA:0,(anonymous_15)
FNDA:0,(anonymous_16)
FNDA:0,(anonymous_17)
FNDA:0,(anonymous_18)
FNDA:0,(anonymous_19)
FNDA:0,(anonymous_20)
DA:4,0
DA:11,0
DA:12,0
DA:13,0
DA:16,0
DA:26,0
DA:27,0
DA:29,0
DA:30,0
DA:31,0
DA:32,0
DA:33,0
DA:36,0
DA:37,0
DA:39,0
DA:40,0
DA:43,0
DA:77,0
DA:78,0
DA:87,0
DA:89,0
DA:90,0
DA:91,0
DA:92,0
DA:95,0
DA:96,0
DA:97,0
DA:98,0
DA:99,0
DA:100,0
DA:101,0
DA:106,0
DA:107,0
DA:199,0
DA:200,0
DA:211,0
DA:247,0
DA:248,0
DA:330,0
DA:331,0
DA:366,0
DA:403,0
DA:404,0
DA:475,0
DA:476,0
DA:574,0
DA:575,0
DA:577,0
DA:579,0
DA:581,0
DA:583,0
DA:585,0
DA:587,0
DA:589,0
DA:593,0
DA:594,0
DA:603,0
DA:616,0
DA:638,0
DA:640,0
LF:60
LH:0
BRDA:27,0,0,0
BRDA:27,0,1,0
BRDA:29,1,0,0
BRDA:29,1,1,0
BRDA:33,2,0,0
BRDA:33,2,1,0
BRDA:40,3,0,0
BRDA:40,3,1,0
BRDA:51,4,0,0
BRDA:51,4,1,0
BRDA:63,5,0,0
BRDA:63,5,1,0
BRDA:64,6,0,0
BRDA:64,6,1,0
BRDA:65,7,0,0
BRDA:65,7,1,0
BRDA:66,8,0,0
BRDA:66,8,1,0
BRDA:69,9,0,0
BRDA:69,9,1,0
BRDA:71,10,0,0
BRDA:71,10,1,0
BRDA:87,11,0,0
BRDA:87,11,1,0
BRDA:157,12,0,0
BRDA:157,12,1,0
BRDA:163,13,0,0
BRDA:163,13,1,0
BRDA:169,14,0,0
BRDA:169,14,1,0
BRDA:181,15,0,0
BRDA:181,15,1,0
BRDA:187,16,0,0
BRDA:187,16,1,0
BRDA:215,17,0,0
BRDA:215,17,1,0
BRDA:216,18,0,0
BRDA:216,18,1,0
BRDA:217,19,0,0
BRDA:217,19,1,0
BRDA:226,20,0,0
BRDA:226,20,1,0
BRDA:231,21,0,0
BRDA:231,21,1,0
BRDA:294,22,0,0
BRDA:294,22,1,0
BRDA:300,23,0,0
BRDA:300,23,1,0
BRDA:312,24,0,0
BRDA:312,24,1,0
BRDA:318,25,0,0
BRDA:318,25,1,0
BRDA:371,26,0,0
BRDA:371,26,1,0
BRDA:372,27,0,0
BRDA:372,27,1,0
BRDA:378,28,0,0
BRDA:378,28,1,0
BRDA:379,29,0,0
BRDA:379,29,1,0
BRDA:426,30,0,0
BRDA:426,30,1,0
BRDA:427,31,0,0
BRDA:427,31,1,0
BRDA:438,32,0,0
BRDA:438,32,1,0
BRDA:444,33,0,0
BRDA:444,33,1,0
BRDA:449,34,0,0
BRDA:449,34,1,0
BRDA:449,35,0,0
BRDA:449,35,1,0
BRDA:450,36,0,0
BRDA:450,36,1,0
BRDA:450,37,0,0
BRDA:450,37,1,0
BRDA:486,38,0,0
BRDA:486,38,1,0
BRDA:487,39,0,0
BRDA:487,39,1,0
BRDA:488,40,0,0
BRDA:488,40,1,0
BRDA:489,41,0,0
BRDA:489,41,1,0
BRDA:496,42,0,0
BRDA:496,42,1,0
BRDA:497,43,0,0
BRDA:497,43,1,0
BRDA:498,44,0,0
BRDA:498,44,1,0
BRDA:499,45,0,0
BRDA:499,45,1,0
BRDA:506,46,0,0
BRDA:506,46,1,0
BRDA:507,47,0,0
BRDA:507,47,1,0
BRDA:508,48,0,0
BRDA:508,48,1,0
BRDA:509,49,0,0
BRDA:509,49,1,0
BRDA:516,50,0,0
BRDA:516,50,1,0
BRDA:517,51,0,0
BRDA:517,51,1,0
BRDA:518,52,0,0
BRDA:518,52,1,0
BRDA:519,53,0,0
BRDA:519,53,1,0
BRDA:529,54,0,0
BRDA:529,54,1,0
BRDA:539,55,0,0
BRDA:539,55,1,0
BRDA:549,56,0,0
BRDA:549,56,1,0
BRDA:559,57,0,0
BRDA:559,57,1,0
BRDA:575,58,0,0
BRDA:575,58,1,0
BRDA:575,58,2,0
BRDA:575,58,3,0
BRDA:575,58,4,0
BRDA:575,58,5,0
BRDA:575,58,6,0
BRDA:593,59,0,0
BRDA:593,59,1,0
BRDA:643,60,0,0
BRDA:643,60,1,0
BRF:127
BRH:0
end_of_record
TN:
SF:src/RiskManagement.js
FN:40,(anonymous_0)
FN:53,(anonymous_1)
FN:137,(anonymous_2)
FN:151,(anonymous_3)
FN:152,(anonymous_4)
FN:153,(anonymous_5)
FN:154,(anonymous_6)
FN:155,(anonymous_7)
FN:156,(anonymous_8)
FN:170,(anonymous_9)
FN:173,(anonymous_10)
FN:177,(anonymous_11)
FN:184,(anonymous_12)
FN:195,(anonymous_13)
FN:202,(anonymous_14)
FN:215,(anonymous_15)
FN:224,(anonymous_16)
FN:237,(anonymous_17)
FN:271,(anonymous_18)
FN:276,(anonymous_19)
FN:280,(anonymous_20)
FN:285,(anonymous_21)
FN:294,(anonymous_22)
FN:296,(anonymous_23)
FN:309,(anonymous_24)
FN:315,(anonymous_25)
FN:319,(anonymous_26)
FN:332,(anonymous_27)
FN:337,(anonymous_28)
FN:358,(anonymous_29)
FN:371,(anonymous_30)
FN:402,(anonymous_31)
FN:406,(anonymous_32)
FN:406,(anonymous_33)
FN:579,(anonymous_34)
FN:586,(anonymous_35)
FN:590,(anonymous_36)
FN:597,(anonymous_37)
FN:608,(anonymous_38)
FN:619,(anonymous_39)
FN:629,(anonymous_40)
FN:686,(anonymous_41)
FN:693,(anonymous_42)
FN:722,(anonymous_43)
FN:732,(anonymous_44)
FN:743,(anonymous_45)
FN:778,(anonymous_46)
FN:812,(anonymous_47)
FN:825,(anonymous_48)
FN:828,(anonymous_49)
FN:838,(anonymous_50)
FN:841,(anonymous_51)
FN:862,(anonymous_52)
FN:876,(anonymous_53)
FN:888,(anonymous_54)
FN:901,(anonymous_55)
FN:916,(anonymous_56)
FN:935,(anonymous_57)
FN:946,(anonymous_58)
FN:956,(anonymous_59)
FN:959,(anonymous_60)
FN:976,(anonymous_61)
FN:979,(anonymous_62)
FN:993,(anonymous_63)
FN:1003,(anonymous_64)
FN:1014,(anonymous_65)
FN:1025,(anonymous_66)
FN:1061,(anonymous_67)
FN:1074,(anonymous_68)
FNF:69
FNH:0
FNDA:0,(anonymous_0)
FNDA:0,(anonymous_1)
FNDA:0,(anonymous_2)
FNDA:0,(anonymous_3)
FNDA:0,(anonymous_4)
FNDA:0,(anonymous_5)
FNDA:0,(anonymous_6)
FNDA:0,(anonymous_7)
FNDA:0,(anonymous_8)
FNDA:0,(anonymous_9)
FNDA:0,(anonymous_10)
FNDA:0,(anonymous_11)
FNDA:0,(anonymous_12)
FNDA:0,(anonymous_13)
FNDA:0,(anonymous_14)
FNDA:0,(anonymous_15)
FNDA:0,(anonymous_16)
FNDA:0,(anonymous_17)
FNDA:0,(anonymous_18)
FNDA:0,(anonymous_19)
FNDA:0,(anonymous_20)
FNDA:0,(anonymous_21)
FNDA:0,(anonymous_22)
FNDA:0,(anonymous_23)
FNDA:0,(anonymous_24)
FNDA:0,(anonymous_25)
FNDA:0,(anonymous_26)
FNDA:0,(anonymous_27)
FNDA:0,(anonymous_28)
FNDA:0,(anonymous_29)
FNDA:0,(anonymous_30)
FNDA:0,(anonymous_31)
FNDA:0,(anonymous_32)
FNDA:0,(anonymous_33)
FNDA:0,(anonymous_34)
FNDA:0,(anonymous_35)
FNDA:0,(anonymous_36)
FNDA:0,(anonymous_37)
FNDA:0,(anonymous_38)
FNDA:0,(anonymous_39)
FNDA:0,(anonymous_40)
FNDA:0,(anonymous_41)
FNDA:0,(anonymous_42)
FNDA:0,(anonymous_43)
FNDA:0,(anonymous_44)
FNDA:0,(anonymous_45)
FNDA:0,(anonymous_46)
FNDA:0,(anonymous_47)
FNDA:0,(anonymous_48)
FNDA:0,(anonymous_49)
FNDA:0,(anonymous_50)
FNDA:0,(anonymous_51)
FNDA:0,(anonymous_52)
FNDA:0,(anonymous_53)
FNDA:0,(anonymous_54)
FNDA:0,(anonymous_55)
FNDA:0,(anonymous_56)
FNDA:0,(anonymous_57)
FNDA:0,(anonymous_58)
FNDA:0,(anonymous_59)
FNDA:0,(anonymous_60)
FNDA:0,(anonymous_61)
FNDA:0,(anonymous_62)
FNDA:0,(anonymous_63)
FNDA:0,(anonymous_64)
FNDA:0,(anonymous_65)
FNDA:0,(anonymous_66)
FNDA:0,(anonymous_67)
FNDA:0,(anonymous_68)
DA:40,0
DA:48,0
DA:49,0
DA:50,0
DA:53,0
DA:54,0
DA:82,0
DA:83,0
DA:84,0
DA:85,0
DA:86,0
DA:87,0
DA:88,0
DA:91,0
DA:92,0
DA:93,0
DA:94,0
DA:96,0
DA:99,0
DA:110,0
DA:120,0
DA:128,0
DA:137,0
DA:139,0
DA:140,0
DA:151,0
DA:152,0
DA:153,0
DA:154,0
DA:155,0
DA:156,0
DA:158,0
DA:170,0
DA:173,0
DA:175,0
DA:177,0
DA:178,0
DA:181,0
DA:184,0
DA:185,0
DA:187,0
DA:188,0
DA:191,0
DA:195,0
DA:196,0
DA:197,0
DA:200,0
DA:202,0
DA:205,0
DA:208,0
DA:209,0
DA:210,0
DA:211,0
DA:215,0
DA:216,0
DA:217,0
DA:220,0
DA:224,0
DA:225,0
DA:226,0
DA:229,0
DA:231,0
DA:232,0
DA:233,0
DA:237,0
DA:238,0
DA:268,0
DA:271,0
DA:272,0
DA:273,0
DA:276,0
DA:277,0
DA:279,0
DA:280,0
DA:285,0
DA:286,0
DA:288,0
DA:289,0
DA:292,0
DA:293,0
DA:294,0
DA:296,0
DA:299,0
DA:300,0
DA:301,0
DA:304,0
DA:305,0
DA:309,0
DA:310,0
DA:311,0
DA:315,0
DA:317,0
DA:319,0
DA:320,0
DA:321,0
DA:322,0
DA:323,0
DA:327,0
DA:332,0
DA:333,0
DA:335,0
DA:336,0
DA:337,0
DA:339,0
DA:340,0
DA:348,0
DA:351,0
DA:352,0
DA:354,0
DA:355,0
DA:358,0
DA:359,0
DA:361,0
DA:362,0
DA:366,0
DA:367,0
DA:371,0
DA:372,0
DA:373,0
DA:374,0
DA:375,0
DA:377,0
DA:389,0
DA:402,0
DA:406,0
DA:407,0
DA:579,0
DA:586,0
DA:591,0
DA:597,0
DA:608,0
DA:619,0
DA:630,0
DA:686,0
DA:693,0
DA:722,0
DA:732,0
DA:743,0
DA:778,0
DA:812,0
DA:825,0
DA:829,0
DA:838,0
DA:842,0
DA:862,0
DA:876,0
DA:888,0
DA:901,0
DA:916,0
DA:935,0
DA:946,0
DA:956,0
DA:960,0
DA:976,0
DA:980,0
DA:993,0
DA:1003,0
DA:1014,0
DA:1025,0
DA:1061,0
DA:1075,0
LF:161
LH:0
BRDA:139,0,0,0
BRDA:139,0,1,0
BRDA:139,1,0,0
BRDA:139,1,1,0
BRDA:175,2,0,0
BRDA:175,2,1,0
BRDA:175,3,0,0
BRDA:175,3,1,0
BRDA:175,4,0,0
BRDA:175,4,1,0
BRDA:178,5,0,0
BRDA:178,5,1,0
BRDA:178,6,0,0
BRDA:178,6,1,0
BRDA:181,7,0,0
BRDA:181,7,1,0
BRDA:187,8,0,0
BRDA:187,8,1,0
BRDA:187,9,0,0
BRDA:187,9,1,0
BRDA:196,10,0,0
BRDA:196,10,1,0
BRDA:197,11,0,0
BRDA:197,11,1,0
BRDA:200,12,0,0
BRDA:200,12,1,0
BRDA:200,13,0,0
BRDA:200,13,1,0
BRDA:208,14,0,0
BRDA:208,14,1,0
BRDA:210,15,0,0
BRDA:210,15,1,0
BRDA:216,16,0,0
BRDA:216,16,1,0
BRDA:225,17,0,0
BRDA:225,17,1,0
BRDA:226,18,0,0
BRDA:226,18,1,0
BRDA:229,19,0,0
BRDA:229,19,1,0
BRDA:229,20,0,0
BRDA:229,20,1,0
BRDA:277,21,0,0
BRDA:277,21,1,0
BRDA:279,22,0,0
BRDA:279,22,1,0
BRDA:279,23,0,0
BRDA:279,23,1,0
BRDA:286,24,0,0
BRDA:286,24,1,0
BRDA:292,25,0,0
BRDA:292,25,1,0
BRDA:292,26,0,0
BRDA:292,26,1,0
BRDA:294,27,0,0
BRDA:294,27,1,0
BRDA:296,28,0,0
BRDA:296,28,1,0
BRDA:317,29,0,0
BRDA:317,29,1,0
BRDA:317,30,0,0
BRDA:317,30,1,0
BRDA:320,31,0,0
BRDA:320,31,1,0
BRDA:321,32,0,0
BRDA:321,32,1,0
BRDA:322,33,0,0
BRDA:322,33,1,0
BRDA:323,34,0,0
BRDA:323,34,1,0
BRDA:323,34,2,0
BRDA:327,35,0,0
BRDA:327,35,1,0
BRDA:327,35,2,0
BRDA:327,35,3,0
BRDA:333,36,0,0
BRDA:333,36,1,0
BRDA:333,37,0,0
BRDA:333,37,1,0
BRDA:333,37,2,0
BRDA:336,38,0,0
BRDA:336,38,1,0
BRDA:339,39,0,0
BRDA:339,39,1,0
BRDA:359,40,0,0
BRDA:359,40,1,0
BRDA:401,41,0,0
BRDA:401,41,1,0
BRDA:472,42,0,0
BRDA:472,42,1,0
BRDA:477,43,0,0
BRDA:477,43,1,0
BRDA:495,44,0,0
BRDA:495,44,1,0
BRDA:523,45,0,0
BRDA:523,45,1,0
BRDA:637,46,0,0
BRDA:637,46,1,0
BRDA:638,47,0,0
BRDA:638,47,1,0
BRDA:644,48,0,0
BRDA:644,48,1,0
BRDA:645,49,0,0
BRDA:645,49,1,0
BRDA:705,50,0,0
BRDA:705,50,1,0
BRDA:716,51,0,0
BRDA:716,51,1,0
BRDA:722,52,0,0
BRDA:722,52,1,0
BRDA:722,53,0,0
BRDA:722,53,1,0
BRDA:722,53,2,0
BRDA:722,53,3,0
BRDA:742,54,0,0
BRDA:742,54,1,0
BRDA:777,55,0,0
BRDA:777,55,1,0
BRDA:811,56,0,0
BRDA:811,56,1,0
BRDA:824,57,0,0
BRDA:824,57,1,0
BRDA:837,58,0,0
BRDA:837,58,1,0
BRDA:861,59,0,0
BRDA:861,59,1,0
BRDA:875,60,0,0
BRDA:875,60,1,0
BRDA:887,61,0,0
BRDA:887,61,1,0
BRDA:900,62,0,0
BRDA:900,62,1,0
BRDA:915,63,0,0
BRDA:915,63,1,0
BRDA:934,64,0,0
BRDA:934,64,1,0
BRDA:945,65,0,0
BRDA:945,65,1,0
BRDA:955,66,0,0
BRDA:955,66,1,0
BRDA:975,67,0,0
BRDA:975,67,1,0
BRDA:984,68,0,0
BRDA:984,68,1,0
BRDA:992,69,0,0
BRDA:992,69,1,0
BRDA:1002,70,0,0
BRDA:1002,70,1,0
BRDA:1013,71,0,0
BRDA:1013,71,1,0
BRDA:1024,72,0,0
BRDA:1024,72,1,0
BRDA:1064,73,0,0
BRDA:1064,73,1,0
BRDA:1068,74,0,0
BRDA:1068,74,1,0
BRF:156
BRH:0
end_of_record
TN:
SF:src/corregir-supabase-app.js
FN:11,loadPortfolioDataImproved
FN:241,diagnosticarProblemasSupabase
FN:299,(anonymous_2)
FN:316,sincronizarDatosLocales
FN:377,(anonymous_4)
FN:403,(anonymous_5)
FN:430,(anonymous_6)
FNF:7
FNH:0
FNDA:0,loadPortfolioDataImproved
FNDA:0,diagnosticarProblemasSupabase
FNDA:0,(anonymous_2)
FNDA:0,sincronizarDatosLocales
FNDA:0,(anonymous_4)
FNDA:0,(anonymous_5)
FNDA:0,(anonymous_6)
DA:5,0
DA:6,0
DA:8,0
DA:12,0
DA:13,0
DA:16,0
DA:18,0
DA:19,0
DA:20,0
DA:23,0
DA:24,0
DA:25,0
DA:28,0
DA:31,0
DA:34,0
DA:40,0
DA:41,0
DA:42,0
DA:45,0
DA:46,0
DA:47,0
DA:50,0
DA:51,0
DA:60,0
DA:61,0
DA:62,0
DA:65,0
DA:66,0
DA:70,0
DA:71,0
DA:77,0
DA:78,0
DA:79,0
DA:82,0
DA:85,0
DA:86,0
DA:88,0
DA:105,0
DA:111,0
DA:112,0
DA:113,0
DA:116,0
DA:117,0
DA:121,0
DA:122,0
DA:123,0
DA:124,0
DA:125,0
DA:126,0
DA:127,0
DA:128,0
DA:129,0
DA:131,0
DA:133,0
DA:137,0
DA:140,0
DA:144,0
DA:147,0
DA:151,0
DA:154,0
DA:158,0
DA:161,0
DA:165,0
DA:168,0
DA:172,0
DA:175,0
DA:179,0
DA:182,0
DA:186,0
DA:189,0
DA:194,0
DA:198,0
DA:204,0
DA:210,0
DA:228,0
DA:229,0
DA:230,0
DA:232,0
DA:235,0
DA:236,0
DA:242,0
DA:243,0
DA:245,0
DA:247,0
DA:248,0
DA:250,0
DA:251,0
DA:252,0
DA:255,0
DA:256,0
DA:257,0
DA:258,0
DA:261,0
DA:264,0
DA:265,0
DA:271,0
DA:272,0
DA:273,0
DA:276,0
DA:277,0
DA:278,0
DA:279,0
DA:282,0
DA:285,0
DA:286,0
DA:291,0
DA:292,0
DA:293,0
DA:296,0
DA:298,0
DA:299,0
DA:300,0
DA:303,0
DA:304,0
DA:307,0
DA:310,0
DA:311,0
DA:317,0
DA:318,0
DA:321,0
DA:322,0
DA:323,0
DA:324,0
DA:327,0
DA:328,0
DA:335,0
DA:337,0
DA:338,0
DA:339,0
DA:343,0
DA:349,0
DA:350,0
DA:351,0
DA:354,0
DA:355,0
DA:356,0
DA:365,0
DA:366,0
DA:367,0
DA:370,0
DA:374,0
DA:375,0
DA:377,0
DA:384,0
DA:388,0
DA:389,0
DA:390,0
DA:393,0
DA:397,0
DA:398,0
DA:400,0
DA:401,0
DA:402,0
DA:403,0
DA:410,0
DA:414,0
DA:415,0
DA:420,0
DA:424,0
DA:425,0
DA:427,0
DA:428,0
DA:429,0
DA:430,0
DA:437,0
DA:441,0
DA:442,0
DA:447,0
DA:450,0
DA:451,0
DA:454,0
DA:455,0
LF:172
LH:0
BRDA:18,0,0,0
BRDA:18,0,1,0
BRDA:23,1,0,0
BRDA:23,1,1,0
BRDA:40,2,0,0
BRDA:40,2,1,0
BRDA:40,3,0,0
BRDA:40,3,1,0
BRDA:45,4,0,0
BRDA:45,4,1,0
BRDA:60,5,0,0
BRDA:60,5,1,0
BRDA:77,6,0,0
BRDA:77,6,1,0
BRDA:82,7,0,0
BRDA:82,7,1,0
BRDA:85,8,0,0
BRDA:85,8,1,0
BRDA:85,9,0,0
BRDA:85,9,1,0
BRDA:111,10,0,0
BRDA:111,10,1,0
BRDA:137,11,0,0
BRDA:137,11,1,0
BRDA:144,12,0,0
BRDA:144,12,1,0
BRDA:151,13,0,0
BRDA:151,13,1,0
BRDA:158,14,0,0
BRDA:158,14,1,0
BRDA:165,15,0,0
BRDA:165,15,1,0
BRDA:172,16,0,0
BRDA:172,16,1,0
BRDA:179,17,0,0
BRDA:179,17,1,0
BRDA:186,18,0,0
BRDA:186,18,1,0
BRDA:194,19,0,0
BRDA:194,19,1,0
BRDA:211,20,0,0
BRDA:211,20,1,0
BRDA:214,21,0,0
BRDA:214,21,1,0
BRDA:215,22,0,0
BRDA:215,22,1,0
BRDA:223,23,0,0
BRDA:223,23,1,0
BRDA:223,24,0,0
BRDA:223,24,1,0
BRDA:250,25,0,0
BRDA:250,25,1,0
BRDA:255,26,0,0
BRDA:255,26,1,0
BRDA:271,27,0,0
BRDA:271,27,1,0
BRDA:271,28,0,0
BRDA:271,28,1,0
BRDA:276,29,0,0
BRDA:276,29,1,0
BRDA:291,30,0,0
BRDA:291,30,1,0
BRDA:296,31,0,0
BRDA:296,31,1,0
BRDA:298,32,0,0
BRDA:298,32,1,0
BRDA:298,33,0,0
BRDA:298,33,1,0
BRDA:322,34,0,0
BRDA:322,34,1,0
BRDA:329,35,0,0
BRDA:329,35,1,0
BRDA:330,36,0,0
BRDA:330,36,1,0
BRDA:331,37,0,0
BRDA:331,37,1,0
BRDA:337,38,0,0
BRDA:337,38,1,0
BRDA:337,39,0,0
BRDA:337,39,1,0
BRDA:349,40,0,0
BRDA:349,40,1,0
BRDA:349,41,0,0
BRDA:349,41,1,0
BRDA:354,42,0,0
BRDA:354,42,1,0
BRDA:365,43,0,0
BRDA:365,43,1,0
BRDA:374,44,0,0
BRDA:374,44,1,0
BRDA:374,45,0,0
BRDA:374,45,1,0
BRDA:388,46,0,0
BRDA:388,46,1,0
BRDA:397,47,0,0
BRDA:397,47,1,0
BRDA:402,48,0,0
BRDA:402,48,1,0
BRDA:402,49,0,0
BRDA:402,49,1,0
BRDA:414,50,0,0
BRDA:414,50,1,0
BRDA:424,51,0,0
BRDA:424,51,1,0
BRDA:429,52,0,0
BRDA:429,52,1,0
BRDA:429,53,0,0
BRDA:429,53,1,0
BRDA:441,54,0,0
BRDA:441,54,1,0
BRF:110
BRH:0
end_of_record
TN:
SF:src/debug-supabase-connection.js
FN:10,diagnosticarConexionSupabase
FN:43,(anonymous_1)
FN:60,(anonymous_2)
FN:97,(anonymous_3)
FNF:4
FNH:0
FNDA:0,diagnosticarConexionSupabase
FNDA:0,(anonymous_1)
FNDA:0,(anonymous_2)
FNDA:0,(anonymous_3)
DA:5,0
DA:6,0
DA:8,0
DA:11,0
DA:12,0
DA:14,0
DA:16,0
DA:17,0
DA:19,0
DA:20,0
DA:21,0
DA:24,0
DA:25,0
DA:26,0
DA:28,0
DA:29,0
DA:33,0
DA:34,0
DA:38,0
DA:39,0
DA:41,0
DA:42,0
DA:43,0
DA:44,0
DA:50,0
DA:51,0
DA:55,0
DA:56,0
DA:58,0
DA:59,0
DA:60,0
DA:61,0
DA:62,0
DA:63,0
DA:64,0
DA:65,0
DA:71,0
DA:72,0
DA:75,0
DA:81,0
DA:82,0
DA:83,0
DA:84,0
DA:87,0
DA:92,0
DA:93,0
DA:95,0
DA:96,0
DA:97,0
DA:98,0
DA:99,0
DA:100,0
DA:105,0
DA:110,0
DA:111,0
DA:113,0
DA:114,0
DA:115,0
DA:120,0
DA:121,0
DA:123,0
DA:126,0
DA:131,0
DA:132,0
DA:133,0
DA:135,0
DA:136,0
DA:139,0
DA:144,0
LF:69
LH:0
BRDA:19,0,0,0
BRDA:19,0,1,0
BRDA:24,1,0,0
BRDA:24,1,1,0
BRDA:38,2,0,0
BRDA:38,2,1,0
BRDA:41,3,0,0
BRDA:41,3,1,0
BRDA:42,4,0,0
BRDA:42,4,1,0
BRDA:42,5,0,0
BRDA:42,5,1,0
BRDA:55,6,0,0
BRDA:55,6,1,0
BRDA:58,7,0,0
BRDA:58,7,1,0
BRDA:59,8,0,0
BRDA:59,8,1,0
BRDA:59,9,0,0
BRDA:59,9,1,0
BRDA:71,10,0,0
BRDA:71,10,1,0
BRDA:81,11,0,0
BRDA:81,11,1,0
BRDA:83,12,0,0
BRDA:83,12,1,0
BRDA:92,13,0,0
BRDA:92,13,1,0
BRDA:95,14,0,0
BRDA:95,14,1,0
BRDA:96,15,0,0
BRDA:96,15,1,0
BRDA:96,16,0,0
BRDA:96,16,1,0
BRDA:120,17,0,0
BRDA:120,17,1,0
BRF:36
BRH:0
end_of_record
TN:
SF:src/execute-wbs-update.js
FN:10,readPortfolioData
FN:36,findProject
FN:41,(anonymous_2)
FN:63,updateWbsCodes
FN:80,(anonymous_4)
FN:86,(anonymous_5)
FN:96,(anonymous_6)
FN:110,main
FNF:8
FNH:0
FNDA:0,readPortfolioData
FNDA:0,findProject
FNDA:0,(anonymous_2)
FNDA:0,updateWbsCodes
FNDA:0,(anonymous_4)
FNDA:0,(anonymous_5)
FNDA:0,(anonymous_6)
FNDA:0,main
DA:4,0
DA:5,0
DA:7,0
DA:11,0
DA:13,0
DA:14,0
DA:15,0
DA:16,0
DA:17,0
DA:21,0
DA:22,0
DA:27,0
DA:28,0
DA:37,0
DA:38,0
DA:40,0
DA:41,0
DA:42,0
DA:43,0
DA:47,0
DA:48,0
DA:49,0
DA:50,0
DA:51,0
DA:59,0
DA:64,0
DA:65,0
DA:66,0
DA:69,0
DA:71,0
DA:72,0
DA:73,0
DA:76,0
DA:79,0
DA:80,0
DA:81,0
DA:85,0
DA:86,0
DA:87,0
DA:88,0
DA:94,0
DA:95,0
DA:96,0
DA:97,0
DA:98,0
DA:102,0
DA:103,0
DA:106,0
DA:111,0
DA:112,0
DA:114,0
DA:115,0
DA:116,0
DA:117,0
DA:120,0
DA:122,0
DA:124,0
DA:127,0
DA:128,0
DA:130,0
DA:131,0
DA:132,0
DA:133,0
DA:134,0
DA:139,0
DA:140,0
DA:143,0
LF:67
LH:0
BRDA:14,0,0,0
BRDA:14,0,1,0
BRDA:37,1,0,0
BRDA:37,1,1,0
BRDA:38,2,0,0
BRDA:38,2,1,0
BRDA:42,3,0,0
BRDA:42,3,1,0
BRDA:49,4,0,0
BRDA:49,4,1,0
BRDA:49,5,0,0
BRDA:49,5,1,0
BRDA:49,5,2,0
BRDA:54,6,0,0
BRDA:54,6,1,0
BRDA:64,7,0,0
BRDA:64,7,1,0
BRDA:71,8,0,0
BRDA:71,8,1,0
BRDA:97,9,0,0
BRDA:97,9,1,0
BRDA:102,10,0,0
BRDA:102,10,1,0
BRDA:114,11,0,0
BRDA:114,11,1,0
BRDA:122,12,0,0
BRDA:122,12,1,0
BRDA:139,13,0,0
BRDA:139,13,1,0
BRF:29
BRH:0
end_of_record
TN:
SF:src/find-and-update-project.js
FN:7,findAllProjects
FN:15,(anonymous_1)
FN:24,findProjectByKeywords
FN:29,(anonymous_3)
FN:50,updateWbsCodesSequentially
FN:61,(anonymous_5)
FNF:6
FNH:0
FNDA:0,findAllProjects
FNDA:0,(anonymous_1)
FNDA:0,findProjectByKeywords
FNDA:0,(anonymous_3)
FNDA:0,updateWbsCodesSequentially
FNDA:0,(anonymous_5)
DA:4,0
DA:8,0
DA:9,0
DA:11,0
DA:12,0
DA:14,0
DA:15,0
DA:16,0
DA:17,0
DA:20,0
DA:25,0
DA:27,0
DA:28,0
DA:29,0
DA:30,0
DA:33,0
DA:34,0
DA:35,0
DA:36,0
DA:38,0
DA:46,0
DA:51,0
DA:52,0
DA:53,0
DA:56,0
DA:58,0
DA:61,0
DA:62,0
DA:63,0
DA:65,0
DA:72,0
DA:73,0
DA:74,0
DA:76,0
DA:77,0
DA:79,0
DA:83,0
DA:91,0
DA:92,0
DA:93,0
DA:94,0
DA:95,0
DA:96,0
DA:100,0
DA:101,0
DA:103,0
LF:46
LH:0
BRDA:8,0,0,0
BRDA:8,0,1,0
BRDA:11,1,0,0
BRDA:11,1,1,0
BRDA:12,2,0,0
BRDA:12,2,1,0
BRDA:16,3,0,0
BRDA:16,3,1,0
BRDA:33,4,0,0
BRDA:33,4,1,0
BRDA:34,5,0,0
BRDA:34,5,1,0
BRDA:51,6,0,0
BRDA:51,6,1,0
BRDA:72,7,0,0
BRDA:72,7,1,0
BRDA:94,8,0,0
BRDA:94,8,1,0
BRDA:100,9,0,0
BRDA:100,9,1,0
BRF:20
BRH:0
end_of_record
TN:
SF:src/fix-role-console.js
FN:15,(anonymous_0)
FN:34,(anonymous_1)
FNF:2
FNH:0
FNDA:0,(anonymous_0)
FNDA:0,(anonymous_1)
DA:4,0
DA:7,0
DA:9,0
DA:10,0
DA:12,0
DA:15,0
DA:16,0
DA:17,0
DA:18,0
DA:21,0
DA:22,0
DA:23,0
DA:26,0
DA:27,0
DA:30,0
DA:35,0
DA:36,0
DA:37,0
DA:40,0
DA:41,0
LF:20
LH:0
BRDA:7,0,0,0
BRDA:7,0,1,0
BRDA:9,1,0,0
BRDA:9,1,1,0
BRDA:16,2,0,0
BRDA:16,2,1,0
BRDA:21,3,0,0
BRDA:21,3,1,0
BRDA:35,4,0,0
BRDA:35,4,1,0
BRF:10
BRH:0
end_of_record
TN:
SF:src/fix-task-order.js
FN:4,(anonymous_0)
FN:124,(anonymous_1)
FN:140,(anonymous_2)
FN:141,(anonymous_3)
FN:145,(anonymous_4)
FN:150,(anonymous_5)
FNF:6
FNH:0
FNDA:0,(anonymous_0)
FNDA:0,(anonymous_1)
FNDA:0,(anonymous_2)
FNDA:0,(anonymous_3)
FNDA:0,(anonymous_4)
FNDA:0,(anonymous_5)
DA:4,0
DA:5,0
DA:8,0
DA:9,0
DA:10,0
DA:13,0
DA:14,0
DA:15,0
DA:16,0
DA:17,0
DA:18,0
DA:22,0
DA:23,0
DA:24,0
DA:27,0
DA:30,0
DA:31,0
DA:33,0
DA:34,0
DA:35,0
DA:39,0
DA:114,0
DA:117,0
DA:119,0
DA:120,0
DA:121,0
DA:124,0
DA:126,0
DA:128,0
DA:132,0
DA:133,0
DA:135,0
DA:140,0
DA:141,0
DA:143,0
DA:144,0
DA:145,0
DA:146,0
DA:150,0
DA:151,0
DA:152,0
DA:156,0
DA:157,0
DA:161,0
DA:164,0
DA:165,0
DA:167,0
DA:168,0
LF:48
LH:0
BRDA:8,0,0,0
BRDA:8,0,1,0
BRDA:9,1,0,0
BRDA:9,1,1,0
BRDA:10,2,0,0
BRDA:10,2,1,0
BRDA:16,3,0,0
BRDA:16,3,1,0
BRDA:16,4,0,0
BRDA:16,4,1,0
BRDA:16,4,2,0
BRDA:22,5,0,0
BRDA:22,5,1,0
BRDA:30,6,0,0
BRDA:30,6,1,0
BRDA:33,7,0,0
BRDA:33,7,1,0
BRDA:126,8,0,0
BRDA:126,8,1,0
BRDA:143,9,0,0
BRDA:143,9,1,0
BRF:21
BRH:0
end_of_record
TN:
SF:src/force-local-storage.js
FN:7,(anonymous_0)
FN:14,(anonymous_1)
FN:28,(anonymous_2)
FNF:3
FNH:0
FNDA:0,(anonymous_0)
FNDA:0,(anonymous_1)
FNDA:0,(anonymous_2)
DA:7,0
DA:8,0
DA:11,0
DA:13,0
DA:14,0
DA:15,0
DA:16,0
DA:21,0
DA:23,0
DA:24,0
DA:28,0
DA:29,0
DA:31,0
DA:32,0
DA:35,0
DA:39,0
DA:40,0
DA:42,0
DA:43,0
DA:44,0
LF:20
LH:0
BRDA:13,0,0,0
BRDA:13,0,1,0
BRDA:31,1,0,0
BRDA:31,1,1,0
BRDA:31,2,0,0
BRDA:31,2,1,0
BRF:6
BRH:0
end_of_record
TN:
SF:src/index.js
FN:13,(anonymous_0)
FNF:1
FNH:0
FNDA:0,(anonymous_0)
DA:10,0
DA:13,0
DA:14,0
DA:15,0
DA:16,0
DA:17,0
DA:20,0
DA:21,0
DA:30,0
LF:9
LH:0
BRF:0
BRH:0
end_of_record
TN:
SF:src/limpiar-cache-completo.js
FN:18,(anonymous_0)
FN:19,(anonymous_1)
FN:28,(anonymous_2)
FN:29,(anonymous_3)
FN:38,(anonymous_4)
FNF:5
FNH:0
FNDA:0,(anonymous_0)
FNDA:0,(anonymous_1)
FNDA:0,(anonymous_2)
FNDA:0,(anonymous_3)
FNDA:0,(anonymous_4)
DA:6,0
DA:9,0
DA:10,0
DA:13,0
DA:14,0
DA:17,0
DA:18,0
DA:19,0
DA:20,0
DA:21,0
DA:27,0
DA:28,0
DA:29,0
DA:30,0
DA:31,0
DA:37,0
DA:38,0
DA:39,0
LF:18
LH:0
BRDA:17,0,0,0
BRDA:17,0,1,0
BRDA:27,1,0,0
BRDA:27,1,1,0
BRF:4
BRH:0
end_of_record
TN:
SF:src/postcss.config.js
FNF:0
FNH:0
DA:1,0
LF:1
LH:0
BRF:0
BRH:0
end_of_record
TN:
SF:src/reorder-tasks-console.js
FN:4,(anonymous_0)
FN:124,(anonymous_1)
FN:140,(anonymous_2)
FN:141,(anonymous_3)
FN:145,(anonymous_4)
FN:150,(anonymous_5)
FNF:6
FNH:0
FNDA:0,(anonymous_0)
FNDA:0,(anonymous_1)
FNDA:0,(anonymous_2)
FNDA:0,(anonymous_3)
FNDA:0,(anonymous_4)
FNDA:0,(anonymous_5)
DA:4,0
DA:5,0
DA:8,0
DA:9,0
DA:10,0
DA:13,0
DA:14,0
DA:15,0
DA:16,0
DA:17,0
DA:18,0
DA:22,0
DA:23,0
DA:24,0
DA:27,0
DA:30,0
DA:31,0
DA:33,0
DA:34,0
DA:35,0
DA:39,0
DA:114,0
DA:117,0
DA:119,0
DA:120,0
DA:121,0
DA:124,0
DA:126,0
DA:128,0
DA:132,0
DA:133,0
DA:135,0
DA:140,0
DA:141,0
DA:143,0
DA:144,0
DA:145,0
DA:146,0
DA:150,0
DA:151,0
DA:152,0
DA:156,0
DA:157,0
DA:161,0
DA:164,0
DA:165,0
DA:167,0
DA:168,0
LF:48
LH:0
BRDA:8,0,0,0
BRDA:8,0,1,0
BRDA:9,1,0,0
BRDA:9,1,1,0
BRDA:10,2,0,0
BRDA:10,2,1,0
BRDA:16,3,0,0
BRDA:16,3,1,0
BRDA:16,4,0,0
BRDA:16,4,1,0
BRDA:16,4,2,0
BRDA:22,5,0,0
BRDA:22,5,1,0
BRDA:30,6,0,0
BRDA:30,6,1,0
BRDA:33,7,0,0
BRDA:33,7,1,0
BRDA:126,8,0,0
BRDA:126,8,1,0
BRDA:143,9,0,0
BRDA:143,9,1,0
BRF:21
BRH:0
end_of_record
TN:
SF:src/reportWebVitals.js
FN:1,(anonymous_0)
FN:3,(anonymous_1)
FNF:2
FNH:0
FNDA:0,(anonymous_0)
FNDA:0,(anonymous_1)
DA:1,0
DA:2,0
DA:3,0
DA:4,0
DA:5,0
DA:6,0
DA:7,0
DA:8,0
LF:8
LH:0
BRDA:2,0,0,0
BRDA:2,0,1,0
BRDA:2,1,0,0
BRDA:2,1,1,0
BRF:4
BRH:0
end_of_record
TN:
SF:src/solucionar-supabase.js
FN:10,solucionarProblemaSupabase
FN:89,(anonymous_1)
FN:114,(anonymous_2)
FNF:3
FNH:0
FNDA:0,solucionarProblemaSupabase
FNDA:0,(anonymous_1)
FNDA:0,(anonymous_2)
DA:5,0
DA:6,0
DA:8,0
DA:11,0
DA:12,0
DA:14,0
DA:16,0
DA:17,0
DA:19,0
DA:20,0
DA:21,0
DA:22,0
DA:25,0
DA:26,0
DA:27,0
DA:28,0
DA:29,0
DA:30,0
DA:33,0
DA:36,0
DA:37,0
DA:43,0
DA:44,0
DA:45,0
DA:46,0
DA:49,0
DA:58,0
DA:59,0
DA:60,0
DA:63,0
DA:64,0
DA:66,0
DA:67,0
DA:70,0
DA:74,0
DA:75,0
DA:80,0
DA:81,0
DA:82,0
DA:85,0
DA:87,0
DA:88,0
DA:89,0
DA:90,0
DA:91,0
DA:92,0
DA:93,0
DA:94,0
DA:97,0
DA:98,0
DA:102,0
DA:103,0
DA:107,0
DA:108,0
DA:110,0
DA:112,0
DA:113,0
DA:114,0
DA:115,0
DA:116,0
DA:117,0
DA:118,0
DA:119,0
DA:125,0
DA:126,0
DA:127,0
DA:128,0
DA:129,0
DA:130,0
DA:133,0
DA:134,0
DA:136,0
DA:153,0
DA:159,0
DA:160,0
DA:162,0
DA:166,0
DA:167,0
DA:168,0
DA:169,0
DA:170,0
DA:171,0
DA:172,0
DA:175,0
DA:180,0
LF:85
LH:0
BRDA:19,0,0,0
BRDA:19,0,1,0
BRDA:25,1,0,0
BRDA:25,1,1,0
BRDA:43,2,0,0
BRDA:43,2,1,0
BRDA:44,3,0,0
BRDA:44,3,1,0
BRDA:58,4,0,0
BRDA:58,4,1,0
BRDA:80,5,0,0
BRDA:80,5,1,0
BRDA:85,6,0,0
BRDA:85,6,1,0
BRDA:87,7,0,0
BRDA:87,7,1,0
BRDA:87,8,0,0
BRDA:87,8,1,0
BRDA:107,9,0,0
BRDA:107,9,1,0
BRDA:110,10,0,0
BRDA:110,10,1,0
BRDA:112,11,0,0
BRDA:112,11,1,0
BRDA:112,12,0,0
BRDA:112,12,1,0
BRDA:133,13,0,0
BRDA:133,13,1,0
BRDA:133,14,0,0
BRDA:133,14,1,0
BRDA:159,15,0,0
BRDA:159,15,1,0
BRF:32
BRH:0
end_of_record
TN:
SF:src/tailwind.config.js
FNF:0
FNH:0
DA:2,0
LF:1
LH:0
BRF:0
BRH:0
end_of_record
TN:
SF:src/update-project-wbs.js
FN:7,findProject
FN:33,(anonymous_1)
FN:49,updateWbsCodes
FN:58,(anonymous_3)
FN:64,(anonymous_4)
FNF:5
FNH:0
FNDA:0,findProject
FNDA:0,(anonymous_1)
FNDA:0,updateWbsCodes
FNDA:0,(anonymous_3)
FNDA:0,(anonymous_4)
DA:4,0
DA:9,0
DA:10,0
DA:13,0
DA:14,0
DA:17,0
DA:18,0
DA:21,0
DA:22,0
DA:23,0
DA:24,0
DA:25,0
DA:26,0
DA:27,0
DA:31,0
DA:32,0
DA:33,0
DA:34,0
DA:38,0
DA:39,0
DA:41,0
DA:50,0
DA:51,0
DA:52,0
DA:55,0
DA:58,0
DA:63,0
DA:64,0
DA:65,0
DA:69,0
DA:70,0
DA:71,0
DA:73,0
DA:74,0
DA:76,0
DA:80,0
DA:81,0
DA:82,0
DA:84,0
LF:39
LH:0
BRDA:9,0,0,0
BRDA:9,0,1,0
BRDA:13,1,0,0
BRDA:13,1,1,0
BRDA:21,2,0,0
BRDA:21,2,1,0
BRDA:23,3,0,0
BRDA:23,3,1,0
BRDA:23,4,0,0
BRDA:23,4,1,0
BRDA:23,4,2,0
BRDA:31,5,0,0
BRDA:31,5,1,0
BRDA:38,6,0,0
BRDA:38,6,1,0
BRDA:50,7,0,0
BRDA:50,7,1,0
BRDA:69,8,0,0
BRDA:69,8,1,0
BRDA:81,9,0,0
BRDA:81,9,1,0
BRF:21
BRH:0
end_of_record
TN:
SF:src/update-wbs-direct.js
FN:4,(anonymous_0)
FN:13,(anonymous_1)
FN:48,(anonymous_2)
FN:55,(anonymous_3)
FN:63,(anonymous_4)
FN:77,(anonymous_5)
FNF:6
FNH:0
FNDA:0,(anonymous_0)
FNDA:0,(anonymous_1)
FNDA:0,(anonymous_2)
FNDA:0,(anonymous_3)
FNDA:0,(anonymous_4)
FNDA:0,(anonymous_5)
DA:4,0
DA:5,0
DA:8,0
DA:9,0
DA:10,0
DA:12,0
DA:13,0
DA:14,0
DA:15,0
DA:19,0
DA:20,0
DA:21,0
DA:22,0
DA:23,0
DA:24,0
DA:28,0
DA:29,0
DA:30,0
DA:31,0
DA:32,0
DA:35,0
DA:38,0
DA:39,0
DA:41,0
DA:42,0
DA:43,0
DA:47,0
DA:48,0
DA:49,0
DA:53,0
DA:54,0
DA:55,0
DA:56,0
DA:57,0
DA:62,0
DA:63,0
DA:64,0
DA:65,0
DA:72,0
DA:73,0
DA:75,0
DA:76,0
DA:77,0
DA:78,0
DA:81,0
DA:82,0
DA:85,0
DA:86,0
LF:48
LH:0
BRDA:8,0,0,0
BRDA:8,0,1,0
BRDA:9,1,0,0
BRDA:9,1,1,0
BRDA:10,2,0,0
BRDA:10,2,1,0
BRDA:14,3,0,0
BRDA:14,3,1,0
BRDA:22,4,0,0
BRDA:22,4,1,0
BRDA:22,5,0,0
BRDA:22,5,1,0
BRDA:22,5,2,0
BRDA:28,6,0,0
BRDA:28,6,1,0
BRDA:38,7,0,0
BRDA:38,7,1,0
BRDA:41,8,0,0
BRDA:41,8,1,0
BRDA:53,9,0,0
BRDA:53,9,1,0
BRDA:81,10,0,0
BRDA:81,10,1,0
BRF:23
BRH:0
end_of_record
TN:
SF:src/update-wbs-script.js
FN:4,(anonymous_0)
FN:13,(anonymous_1)
FN:47,(anonymous_2)
FN:53,(anonymous_3)
FN:67,(anonymous_4)
FNF:5
FNH:0
FNDA:0,(anonymous_0)
FNDA:0,(anonymous_1)
FNDA:0,(anonymous_2)
FNDA:0,(anonymous_3)
FNDA:0,(anonymous_4)
DA:4,0
DA:5,0
DA:8,0
DA:9,0
DA:10,0
DA:12,0
DA:13,0
DA:14,0
DA:15,0
DA:19,0
DA:20,0
DA:21,0
DA:22,0
DA:23,0
DA:24,0
DA:28,0
DA:29,0
DA:30,0
DA:31,0
DA:34,0
DA:37,0
DA:38,0
DA:40,0
DA:41,0
DA:42,0
DA:46,0
DA:47,0
DA:48,0
DA:52,0
DA:53,0
DA:54,0
DA:55,0
DA:62,0
DA:63,0
DA:65,0
DA:66,0
DA:67,0
DA:68,0
DA:71,0
LF:39
LH:0
BRDA:8,0,0,0
BRDA:8,0,1,0
BRDA:9,1,0,0
BRDA:9,1,1,0
BRDA:10,2,0,0
BRDA:10,2,1,0
BRDA:14,3,0,0
BRDA:14,3,1,0
BRDA:22,4,0,0
BRDA:22,4,1,0
BRDA:22,5,0,0
BRDA:22,5,1,0
BRDA:22,5,2,0
BRDA:28,6,0,0
BRDA:28,6,1,0
BRDA:37,7,0,0
BRDA:37,7,1,0
BRDA:40,8,0,0
BRDA:40,8,1,0
BRF:19
BRH:0
end_of_record
TN:
SF:src/useAuditLog.js
FN:3,(anonymous_0)
FN:7,(anonymous_1)
FN:19,(anonymous_2)
FN:24,(anonymous_3)
FN:32,(anonymous_4)
FN:42,(anonymous_5)
FN:60,(anonymous_6)
FN:77,(anonymous_7)
FN:94,(anonymous_8)
FN:112,(anonymous_9)
FN:170,(anonymous_10)
FN:187,(anonymous_11)
FN:193,(anonymous_12)
FNF:13
FNH:0
FNDA:0,(anonymous_0)
FNDA:0,(anonymous_1)
FNDA:0,(anonymous_2)
FNDA:0,(anonymous_3)
FNDA:0,(anonymous_4)
FNDA:0,(anonymous_5)
FNDA:0,(anonymous_6)
FNDA:0,(anonymous_7)
FNDA:0,(anonymous_8)
FNDA:0,(anonymous_9)
FNDA:0,(anonymous_10)
FNDA:0,(anonymous_11)
FNDA:0,(anonymous_12)
DA:3,0
DA:4,0
DA:7,0
DA:8,0
DA:9,0
DA:10,0
DA:11,0
DA:13,0
DA:19,0
DA:20,0
DA:24,0
DA:25,0
DA:32,0
DA:33,0
DA:34,0
DA:35,0
DA:38,0
DA:42,0
DA:43,0
DA:60,0
DA:61,0
DA:77,0
DA:78,0
DA:94,0
DA:95,0
DA:112,0
DA:113,0
DA:156,0
DA:157,0
DA:158,0
DA:170,0
DA:171,0
DA:187,0
DA:188,0
DA:189,0
DA:193,0
DA:194,0
DA:201,0
DA:202,0
DA:204,0
DA:205,0
DA:206,0
DA:207,0
DA:208,0
DA:209,0
DA:212,0
LF:46
LH:0
BRDA:9,0,0,0
BRDA:9,0,1,0
BRDA:55,1,0,0
BRDA:55,1,1,0
BRDA:72,2,0,0
BRDA:72,2,1,0
BRDA:89,3,0,0
BRDA:89,3,1,0
BRDA:106,4,0,0
BRDA:106,4,1,0
BRDA:107,5,0,0
BRDA:107,5,1,0
BRDA:157,6,0,0
BRDA:157,6,1,0
BRDA:164,7,0,0
BRDA:164,7,1,0
BRDA:182,8,0,0
BRDA:182,8,1,0
BRF:18
BRH:0
end_of_record
TN:
SF:src/useFileStorage.js
FN:21,(anonymous_0)
FN:27,(anonymous_1)
FN:42,(anonymous_2)
FN:54,(anonymous_3)
FN:75,(anonymous_4)
FN:78,(anonymous_5)
FN:83,(anonymous_6)
FN:101,(anonymous_7)
FN:115,(anonymous_8)
FN:116,(anonymous_9)
FN:119,(anonymous_10)
FN:120,(anonymous_11)
FN:125,(anonymous_12)
FN:138,(anonymous_13)
FN:185,(anonymous_14)
FN:187,(anonymous_15)
FN:198,(anonymous_16)
FN:201,(anonymous_17)
FN:207,(anonymous_18)
FN:211,(anonymous_19)
FN:215,(anonymous_20)
FN:216,(anonymous_21)
FN:220,(anonymous_22)
FN:222,(anonymous_23)
FN:230,(anonymous_24)
FN:231,(anonymous_25)
FN:232,(anonymous_26)
FN:239,(anonymous_27)
FN:240,(anonymous_28)
FN:247,(anonymous_29)
FNF:30
FNH:0
FNDA:0,(anonymous_0)
FNDA:0,(anonymous_1)
FNDA:0,(anonymous_2)
FNDA:0,(anonymous_3)
FNDA:0,(anonymous_4)
FNDA:0,(anonymous_5)
FNDA:0,(anonymous_6)
FNDA:0,(anonymous_7)
FNDA:0,(anonymous_8)
FNDA:0,(anonymous_9)
FNDA:0,(anonymous_10)
FNDA:0,(anonymous_11)
FNDA:0,(anonymous_12)
FNDA:0,(anonymous_13)
FNDA:0,(anonymous_14)
FNDA:0,(anonymous_15)
FNDA:0,(anonymous_16)
FNDA:0,(anonymous_17)
FNDA:0,(anonymous_18)
FNDA:0,(anonymous_19)
FNDA:0,(anonymous_20)
FNDA:0,(anonymous_21)
FNDA:0,(anonymous_22)
FNDA:0,(anonymous_23)
FNDA:0,(anonymous_24)
FNDA:0,(anonymous_25)
FNDA:0,(anonymous_26)
FNDA:0,(anonymous_27)
FNDA:0,(anonymous_28)
FNDA:0,(anonymous_29)
DA:4,0
DA:21,0
DA:22,0
DA:23,0
DA:24,0
DA:27,0
DA:28,0
DA:30,0
DA:31,0
DA:32,0
DA:33,0
DA:36,0
DA:37,0
DA:42,0
DA:43,0
DA:45,0
DA:46,0
DA:48,0
DA:49,0
DA:54,0
DA:56,0
DA:57,0
DA:61,0
DA:62,0
DA:63,0
DA:67,0
DA:68,0
DA:71,0
DA:75,0
DA:76,0
DA:78,0
DA:79,0
DA:80,0
DA:81,0
DA:83,0
DA:85,0
DA:86,0
DA:88,0
DA:89,0
DA:90,0
DA:91,0
DA:92,0
DA:93,0
DA:96,0
DA:97,0
DA:99,0
DA:101,0
DA:102,0
DA:106,0
DA:110,0
DA:115,0
DA:116,0
DA:117,0
DA:118,0
DA:119,0
DA:120,0
DA:125,0
DA:126,0
DA:127,0
DA:129,0
DA:131,0
DA:134,0
DA:135,0
DA:138,0
DA:139,0
DA:140,0
DA:144,0
DA:147,0
DA:150,0
DA:167,0
DA:168,0
DA:169,0
DA:170,0
DA:172,0
DA:173,0
DA:176,0
DA:177,0
DA:178,0
DA:180,0
DA:185,0
DA:186,0
DA:187,0
DA:188,0
DA:189,0
DA:190,0
DA:192,0
DA:193,0
DA:198,0
DA:199,0
DA:201,0
DA:202,0
DA:205,0
DA:207,0
DA:208,0
DA:211,0
DA:215,0
DA:216,0
DA:220,0
DA:221,0
DA:222,0
DA:223,0
DA:230,0
DA:231,0
DA:232,0
[...]
FNDA:0,monitorMinutaEvents
FNDA:0,(anonymous_5)
FNDA:0,(anonymous_6)
FNDA:0,(anonymous_7)
DA:11,0
DA:14,0
DA:23,0
DA:24,0
DA:27,0
DA:34,0
DA:35,0
DA:37,0
DA:45,0
DA:48,0
DA:49,0
DA:51,0
DA:52,0
DA:53,0
DA:55,0
DA:63,0
DA:66,0
DA:68,0
DA:69,0
DA:70,0
DA:74,0
DA:77,0
DA:78,0
DA:79,0
DA:80,0
DA:81,0
DA:82,0
DA:83,0
DA:86,0
DA:94,0
DA:96,0
DA:97,0
DA:100,0
DA:101,0
DA:102,0
DA:104,0
DA:108,0
DA:109,0
DA:110,0
DA:112,0
DA:115,0
DA:119,0
DA:120,0
DA:121,0
DA:122,0
DA:123,0
DA:125,0
DA:126,0
DA:127,0
DA:128,0
DA:129,0
DA:130,0
DA:134,0
DA:135,0
DA:136,0
DA:137,0
LF:56
LH:0
BRDA:52,0,0,0
BRDA:52,0,1,0
BRDA:53,1,0,0
BRDA:53,1,1,0
BRDA:68,2,0,0
BRDA:68,2,1,0
BRDA:68,3,0,0
BRDA:68,3,1,0
BRDA:101,4,0,0
BRDA:101,4,1,0
BRDA:101,5,0,0
BRDA:101,5,1,0
BRDA:109,6,0,0
BRDA:109,6,1,0
BRDA:109,7,0,0
BRDA:109,7,1,0
BRDA:119,8,0,0
BRDA:119,8,1,0
BRDA:134,9,0,0
BRDA:134,9,1,0
BRF:20
BRH:0
end_of_record
TN:
SF:src/src/scripts/ready-to-execute/12-clean-demo-001-project.js
FN:9,cleanDemo001Project
FN:24,(anonymous_1)
FN:65,(anonymous_2)
FN:96,cleanIndexedDB
FN:97,(anonymous_4)
FN:100,(anonymous_5)
FN:105,(anonymous_6)
FN:112,(anonymous_7)
FN:117,(anonymous_8)
FN:137,(anonymous_9)
FN:141,(anonymous_10)
FN:155,(anonymous_11)
FN:166,checkDemo001Exists
FN:180,(anonymous_13)
FN:188,(anonymous_14)
FN:192,(anonymous_15)
FN:194,(anonymous_16)
FN:200,(anonymous_17)
FN:202,(anonymous_18)
FN:206,(anonymous_19)
FN:208,(anonymous_20)
FN:234,(anonymous_21)
FNF:22
FNH:0
FNDA:0,cleanDemo001Project
FNDA:0,(anonymous_1)
FNDA:0,(anonymous_2)
FNDA:0,cleanIndexedDB
FNDA:0,(anonymous_4)
FNDA:0,(anonymous_5)
FNDA:0,(anonymous_6)
FNDA:0,(anonymous_7)
FNDA:0,(anonymous_8)
FNDA:0,(anonymous_9)
FNDA:0,(anonymous_10)
FNDA:0,(anonymous_11)
FNDA:0,checkDemo001Exists
FNDA:0,(anonymous_13)
FNDA:0,(anonymous_14)
FNDA:0,(anonymous_15)
FNDA:0,(anonymous_16)
FNDA:0,(anonymous_17)
FNDA:0,(anonymous_18)
FNDA:0,(anonymous_19)
FNDA:0,(anonymous_20)
FNDA:0,(anonymous_21)
DA:10,0
DA:12,0
DA:14,0
DA:15,0
DA:17,0
DA:18,0
DA:19,0
DA:22,0
DA:23,0
DA:24,0
DA:25,0
DA:27,0
DA:28,0
DA:31,0
DA:32,0
DA:33,0
DA:37,0
DA:38,0
DA:40,0
DA:45,0
DA:46,0
DA:47,0
DA:48,0
DA:52,0
DA:57,0
DA:58,0
DA:61,0
DA:64,0
DA:65,0
DA:66,0
DA:67,0
DA:68,0
DA:73,0
DA:74,0
DA:75,0
DA:78,0
DA:79,0
DA:80,0
DA:81,0
DA:82,0
DA:83,0
DA:85,0
DA:88,0
DA:89,0
DA:97,0
DA:98,0
DA:100,0
DA:101,0
DA:102,0
DA:105,0
DA:106,0
DA:107,0
DA:108,0
DA:110,0
DA:112,0
DA:113,0
DA:115,0
DA:116,0
DA:117,0
DA:118,0
DA:120,0
DA:121,0
DA:124,0
DA:125,0
DA:126,0
DA:130,0
DA:131,0
DA:132,0
DA:136,0
DA:137,0
DA:138,0
DA:139,0
DA:141,0
DA:142,0
DA:143,0
DA:146,0
DA:147,0
DA:150,0
DA:151,0
DA:155,0
DA:156,0
DA:157,0
DA:167,0
DA:169,0
DA:176,0
DA:177,0
DA:178,0
DA:179,0
DA:180,0
DA:183,0
DA:187,0
DA:188,0
DA:191,0
DA:192,0
DA:193,0
DA:194,0
DA:195,0
DA:196,0
DA:197,0
DA:198,0
DA:200,0
DA:201,0
DA:202,0
DA:203,0
DA:206,0
DA:208,0
DA:211,0
DA:214,0
DA:215,0
DA:216,0
DA:217,0
DA:219,0
DA:223,0
DA:224,0
DA:225,0
DA:226,0
DA:227,0
DA:228,0
DA:232,0
DA:233,0
DA:234,0
DA:235,0
DA:236,0
DA:238,0
LF:124
LH:0
BRDA:17,0,0,0
BRDA:17,0,1,0
BRDA:22,1,0,0
BRDA:22,1,1,0
BRDA:27,2,0,0
BRDA:27,2,1,0
BRDA:31,3,0,0
BRDA:31,3,1,0
BRDA:32,4,0,0
BRDA:32,4,1,0
BRDA:45,5,0,0
BRDA:45,5,1,0
BRDA:45,6,0,0
BRDA:45,6,1,0
BRDA:66,7,0,0
BRDA:66,7,1,0
BRDA:73,8,0,0
BRDA:73,8,1,0
BRDA:115,9,0,0
BRDA:115,9,1,0
BRDA:115,10,0,0
BRDA:115,10,1,0
BRDA:120,11,0,0
BRDA:120,11,1,0
BRDA:124,12,0,0
BRDA:124,12,1,0
BRDA:125,13,0,0
BRDA:125,13,1,0
BRDA:130,14,0,0
BRDA:130,14,1,0
BRDA:130,15,0,0
BRDA:130,15,1,0
BRDA:178,16,0,0
BRDA:178,16,1,0
BRDA:180,17,0,0
BRDA:180,17,1,0
BRDA:202,18,0,0
BRDA:202,18,1,0
BRDA:215,19,0,0
BRDA:215,19,1,0
BRDA:216,20,0,0
BRDA:216,20,1,0
BRDA:217,21,0,0
BRDA:217,21,1,0
BRDA:223,22,0,0
BRDA:223,22,1,0
BRDA:232,23,0,0
BRDA:232,23,1,0
BRDA:235,24,0,0
BRDA:235,24,1,0
BRF:50
BRH:0
end_of_record
TN:
SF:src/src/scripts/ready-to-execute/16-fix-organization-id-object-bug.js
FN:10,isValidUUID
FN:23,safeConvertToUUID
FN:66,applySafePatch
FN:75,(anonymous_3)
FN:133,applyGetCurrentOrganizationPatch
FN:140,(anonymous_5)
FN:173,verifyCurrentState
FN:212,applyAllFixes
FN:246,(anonymous_8)
FN:264,(anonymous_9)
FNF:10
FNH:0
FNDA:0,isValidUUID
FNDA:0,safeConvertToUUID
FNDA:0,applySafePatch
FNDA:0,(anonymous_3)
FNDA:0,applyGetCurrentOrganizationPatch
FNDA:0,(anonymous_5)
FNDA:0,verifyCurrentState
FNDA:0,applyAllFixes
FNDA:0,(anonymous_8)
FNDA:0,(anonymous_9)
DA:11,0
DA:12,0
DA:15,0
DA:16,0
DA:25,0
DA:26,0
DA:30,0
DA:31,0
DA:32,0
DA:36,0
DA:37,0
DA:38,0
DA:39,0
DA:42,0
DA:43,0
DA:44,0
DA:47,0
DA:48,0
DA:52,0
DA:53,0
DA:54,0
DA:58,0
DA:59,0
DA:67,0
DA:70,0
DA:71,0
DA:73,0
DA:75,0
DA:76,0
DA:78,0
DA:80,0
DA:82,0
DA:83,0
DA:84,0
DA:88,0
DA:89,0
DA:91,0
DA:92,0
DA:93,0
DA:97,0
DA:102,0
DA:109,0
DA:112,0
DA:113,0
DA:117,0
DA:118,0
DA:120,0
DA:121,0
DA:124,0
DA:125,0
DA:134,0
DA:136,0
DA:137,0
DA:139,0
DA:140,0
DA:141,0
DA:142,0
DA:144,0
DA:145,0
DA:150,0
DA:152,0
DA:153,0
DA:157,0
DA:158,0
DA:160,0
DA:161,0
DA:164,0
DA:165,0
DA:174,0
DA:176,0
DA:177,0
DA:178,0
DA:179,0
DA:188,0
DA:189,0
DA:190,0
DA:191,0
DA:192,0
DA:201,0
DA:204,0
DA:213,0
DA:215,0
DA:217,0
DA:220,0
DA:221,0
DA:223,0
DA:224,0
DA:227,0
DA:228,0
DA:230,0
DA:232,0
DA:233,0
DA:237,0
DA:238,0
DA:243,0
DA:244,0
DA:245,0
DA:246,0
DA:247,0
DA:255,0
DA:256,0
DA:257,0
DA:258,0
DA:262,0
DA:263,0
DA:264,0
DA:265,0
DA:266,0
DA:267,0
DA:269,0
LF:110
LH:0
BRDA:11,0,0,0
BRDA:11,0,1,0
BRDA:11,1,0,0
BRDA:11,1,1,0
BRDA:25,2,0,0
BRDA:25,2,1,0
BRDA:30,3,0,0
BRDA:30,3,1,0
BRDA:36,4,0,0
BRDA:36,4,1,0
BRDA:36,5,0,0
BRDA:36,5,1,0
BRDA:37,6,0,0
BRDA:37,6,1,0
BRDA:37,7,0,0
BRDA:37,7,1,0
BRDA:42,8,0,0
BRDA:42,8,1,0
BRDA:42,9,0,0
BRDA:42,9,1,0
BRDA:52,10,0,0
BRDA:52,10,1,0
BRDA:52,11,0,0
BRDA:52,11,1,0
BRDA:70,12,0,0
BRDA:70,12,1,0
BRDA:70,13,0,0
BRDA:70,13,1,0
BRDA:73,14,0,0
BRDA:73,14,1,0
BRDA:82,15,0,0
BRDA:82,15,1,0
BRDA:91,16,0,0
BRDA:91,16,1,0
BRDA:136,17,0,0
BRDA:136,17,1,0
BRDA:136,18,0,0
BRDA:136,18,1,0
BRDA:139,19,0,0
BRDA:139,19,1,0
BRDA:144,20,0,0
BRDA:144,20,1,0
BRDA:176,21,0,0
BRDA:176,21,1,0
BRDA:176,22,0,0
BRDA:176,22,1,0
BRDA:189,23,0,0
BRDA:189,23,1,0
BRDA:189,24,0,0
BRDA:189,24,1,0
BRDA:223,25,0,0
BRDA:223,25,1,0
BRDA:223,26,0,0
BRDA:223,26,1,0
BRDA:243,27,0,0
BRDA:243,27,1,0
BRDA:262,28,0,0
BRDA:262,28,1,0
BRDA:265,29,0,0
BRDA:265,29,1,0
BRF:60
BRH:0
end_of_record
TN:
SF:src/src/scripts/ready-to-execute/18-fix-users-table-filter.js
FN:10,applyGetBackupStatsPatch
FN:17,(anonymous_1)
FN:109,verifyTablesWithOrganizationId
FN:150,(anonymous_3)
FN:168,testGetBackupStats
FN:190,applyUsersTableFix
FN:239,(anonymous_6)
FNF:7
FNH:0
FNDA:0,applyGetBackupStatsPatch
FNDA:0,(anonymous_1)
FNDA:0,verifyTablesWithOrganizationId
FNDA:0,(anonymous_3)
FNDA:0,testGetBackupStats
FNDA:0,applyUsersTableFix
FNDA:0,(anonymous_6)
DA:11,0
DA:13,0
DA:14,0
DA:16,0
DA:17,0
DA:18,0
DA:20,0
DA:21,0
DA:35,0
DA:36,0
DA:38,0
DA:39,0
DA:40,0
DA:43,0
DA:55,0
DA:59,0
DA:60,0
DA:62,0
DA:65,0
DA:67,0
DA:68,0
DA:69,0
DA:71,0
DA:72,0
DA:75,0
DA:76,0
DA:80,0
DA:81,0
DA:88,0
DA:89,0
DA:93,0
DA:94,0
DA:96,0
DA:97,0
DA:100,0
DA:101,0
DA:110,0
DA:112,0
DA:113,0
DA:127,0
DA:129,0
DA:130,0
DA:132,0
DA:137,0
DA:139,0
DA:142,0
DA:145,0
DA:149,0
DA:150,0
DA:151,0
DA:152,0
DA:153,0
DA:157,0
DA:159,0
DA:160,0
DA:169,0
DA:171,0
DA:172,0
DA:173,0
DA:174,0
DA:175,0
DA:177,0
DA:178,0
DA:181,0
DA:182,0
DA:191,0
DA:193,0
DA:195,0
DA:198,0
DA:200,0
DA:201,0
DA:204,0
DA:206,0
DA:207,0
DA:208,0
DA:210,0
DA:211,0
DA:214,0
DA:215,0
DA:219,0
DA:220,0
DA:225,0
DA:226,0
DA:227,0
DA:228,0
DA:230,0
DA:231,0
DA:232,0
DA:233,0
DA:237,0
DA:238,0
DA:239,0
DA:240,0
DA:241,0
DA:242,0
DA:244,0
LF:96
LH:0
BRDA:13,0,0,0
BRDA:13,0,1,0
BRDA:13,1,0,0
BRDA:13,1,1,0
BRDA:16,2,0,0
BRDA:16,2,1,0
BRDA:55,3,0,0
BRDA:55,3,1,0
BRDA:55,4,0,0
BRDA:55,4,1,0
BRDA:55,4,2,0
BRDA:55,4,3,0
BRDA:67,5,0,0
BRDA:67,5,1,0
BRDA:71,6,0,0
BRDA:71,6,1,0
BRDA:72,7,0,0
BRDA:72,7,1,0
BRDA:112,8,0,0
BRDA:112,8,1,0
BRDA:112,9,0,0
BRDA:112,9,1,0
BRDA:137,10,0,0
BRDA:137,10,1,0
BRDA:137,11,0,0
BRDA:137,11,1,0
BRDA:151,12,0,0
BRDA:151,12,1,0
BRDA:152,13,0,0
BRDA:152,13,1,0
BRDA:171,14,0,0
BRDA:171,14,1,0
BRDA:171,15,0,0
BRDA:171,15,1,0
BRDA:200,16,0,0
BRDA:200,16,1,0
BRDA:206,17,0,0
BRDA:206,17,1,0
BRDA:225,18,0,0
BRDA:225,18,1,0
BRDA:237,19,0,0
BRDA:237,19,1,0
BRDA:240,20,0,0
BRDA:240,20,1,0
BRF:44
BRH:0
end_of_record
TN:
SF:src/src/scripts/ready-to-execute/19-fix-timer-concurrency.js
FN:10,applyLoadPortfolioDataPatch
FN:20,(anonymous_1)
FN:66,applyConsoleTimerPatch
FN:78,(anonymous_3)
FN:88,(anonymous_4)
FN:109,applySafeSetTasksByProjectPatch
FN:122,(anonymous_6)
FN:147,(anonymous_7)
FN:170,verifyTimerState
FN:182,(anonymous_9)
FN:196,applyTimerFixes
FN:246,(anonymous_11)
FNF:12
FNH:0
FNDA:0,applyLoadPortfolioDataPatch
FNDA:0,(anonymous_1)
FNDA:0,applyConsoleTimerPatch
FNDA:0,(anonymous_3)
FNDA:0,(anonymous_4)
FNDA:0,applySafeSetTasksByProjectPatch
FNDA:0,(anonymous_6)
FNDA:0,(anonymous_7)
FNDA:0,verifyTimerState
FNDA:0,(anonymous_9)
FNDA:0,applyTimerFixes
FNDA:0,(anonymous_11)
DA:11,0
DA:13,0
DA:14,0
DA:16,0
DA:18,0
DA:20,0
DA:21,0
DA:24,0
DA:25,0
DA:26,0
DA:29,0
DA:31,0
DA:32,0
DA:35,0
DA:37,0
DA:38,0
DA:41,0
DA:42,0
DA:45,0
DA:46,0
DA:50,0
DA:51,0
DA:53,0
DA:54,0
DA:57,0
DA:58,0
DA:67,0
DA:69,0
DA:71,0
DA:72,0
DA:75,0
DA:78,0
DA:79,0
DA:80,0
DA:81,0
DA:83,0
DA:84,0
DA:88,0
DA:89,0
DA:90,0
DA:91,0
DA:93,0
DA:94,0
DA:97,0
DA:98,0
DA:100,0
DA:101,0
DA:110,0
DA:112,0
DA:114,0
DA:116,0
DA:117,0
DA:120,0
DA:122,0
DA:123,0
DA:126,0
DA:127,0
DA:128,0
DA:131,0
DA:133,0
DA:134,0
DA:137,0
DA:139,0
DA:140,0
DA:143,0
DA:144,0
DA:147,0
DA:148,0
DA:149,0
DA:154,0
DA:155,0
DA:157,0
DA:158,0
DA:161,0
DA:162,0
DA:171,0
DA:173,0
DA:175,0
DA:176,0
DA:177,0
DA:180,0
DA:181,0
DA:182,0
DA:183,0
DA:184,0
DA:187,0
DA:197,0
DA:199,0
DA:201,0
DA:204,0
DA:205,0
DA:206,0
DA:208,0
DA:209,0
DA:211,0
DA:212,0
DA:215,0
DA:216,0
DA:218,0
DA:223,0
DA:224,0
DA:228,0
DA:229,0
DA:234,0
DA:235,0
DA:236,0
DA:238,0
DA:239,0
DA:240,0
DA:244,0
DA:245,0
DA:246,0
DA:247,0
DA:248,0
DA:249,0
DA:251,0
LF:116
LH:0
BRDA:13,0,0,0
BRDA:13,0,1,0
BRDA:13,1,0,0
BRDA:13,1,1,0
BRDA:16,2,0,0
BRDA:16,2,1,0
BRDA:24,3,0,0
BRDA:24,3,1,0
BRDA:69,4,0,0
BRDA:69,4,1,0
BRDA:79,5,0,0
BRDA:79,5,1,0
BRDA:89,6,0,0
BRDA:89,6,1,0
BRDA:112,7,0,0
BRDA:112,7,1,0
BRDA:112,8,0,0
BRDA:112,8,1,0
BRDA:116,9,0,0
BRDA:116,9,1,0
BRDA:116,10,0,0
BRDA:116,10,1,0
BRDA:126,11,0,0
BRDA:126,11,1,0
BRDA:173,12,0,0
BRDA:173,12,1,0
BRDA:211,13,0,0
BRDA:211,13,1,0
BRDA:234,14,0,0
BRDA:234,14,1,0
BRDA:244,15,0,0
BRDA:244,15,1,0
BRDA:247,16,0,0
BRDA:247,16,1,0
BRF:34
BRH:0
end_of_record
TN:
SF:src/utils/changeAuthority.js
FN:17,(anonymous_0)
FNF:1
FNH:0
FNDA:0,(anonymous_0)
DA:2,1
DA:17,1
DA:18,0
DA:19,0
DA:22,0
DA:23,0
DA:24,0
DA:25,0
DA:26,0
DA:27,0
DA:28,0
DA:29,0
DA:30,0
DA:34,0
DA:35,0
DA:36,0
DA:37,0
DA:38,0
DA:39,0
DA:40,0
DA:41,0
DA:42,0
DA:45,0
DA:48,1
LF:24
LH:3
BRDA:22,0,0,0
BRDA:22,0,1,0
BRDA:25,1,0,0
BRDA:25,1,1,0
BRDA:28,2,0,0
BRDA:28,2,1,0
BRDA:34,3,0,0
BRDA:34,3,1,0
BRDA:37,4,0,0
BRDA:37,4,1,0
BRDA:37,5,0,0
BRDA:37,5,1,0
BRDA:40,6,0,0
BRDA:40,6,1,0
BRDA:40,7,0,0
BRDA:40,7,1,0
BRF:16
BRH:0
end_of_record
TN:
SF:src/utils/changeHelpers.js
FN:1,(anonymous_0)
FN:60,(anonymous_1)
FN:61,(anonymous_2)
FN:67,(anonymous_3)
FN:77,(anonymous_4)
FN:78,(anonymous_5)
FN:84,(anonymous_6)
FN:88,(anonymous_7)
FN:89,(anonymous_8)
FN:93,(anonymous_9)
FN:100,(anonymous_10)
FN:115,(anonymous_11)
FN:137,(anonymous_12)
FN:180,(anonymous_13)
FN:215,(anonymous_14)
FNF:15
FNH:0
FNDA:0,(anonymous_0)
FNDA:0,(anonymous_1)
FNDA:0,(anonymous_2)
FNDA:0,(anonymous_3)
FNDA:0,(anonymous_4)
FNDA:0,(anonymous_5)
FNDA:0,(anonymous_6)
FNDA:0,(anonymous_7)
FNDA:0,(anonymous_8)
FNDA:0,(anonymous_9)
FNDA:0,(anonymous_10)
FNDA:0,(anonymous_11)
FNDA:0,(anonymous_12)
FNDA:0,(anonymous_13)
FNDA:0,(anonymous_14)
DA:1,1
DA:2,0
DA:3,0
DA:6,0
DA:7,0
DA:10,0
DA:11,0
DA:13,0
DA:14,0
DA:15,0
DA:17,0
DA:18,0
DA:23,0
DA:30,0
DA:31,0
DA:33,0
DA:34,0
DA:35,0
DA:36,0
DA:37,0
DA:38,0
DA:41,0
DA:60,1
DA:61,0
DA:62,0
DA:65,0
DA:67,0
DA:68,0
DA:69,0
DA:70,0
DA:71,0
DA:74,0
DA:77,1
DA:78,0
DA:79,0
DA:80,0
DA:83,0
DA:84,0
DA:88,1
DA:89,0
DA:90,0
DA:92,0
DA:93,0
DA:95,0
DA:97,0
DA:100,0
DA:102,0
DA:115,1
DA:116,0
DA:117,0
DA:120,0
DA:137,1
DA:138,0
DA:139,0
DA:142,0
DA:143,0
DA:149,0
DA:150,0
DA:156,0
DA:157,0
DA:164,0
DA:180,1
DA:181,0
DA:183,0
DA:185,0
DA:187,0
DA:188,0
DA:189,0
DA:190,0
DA:191,0
DA:194,0
DA:196,0
DA:198,0
DA:200,0
DA:202,0
DA:204,0
DA:206,0
DA:215,1
DA:216,0
DA:218,0
DA:219,0
DA:221,0
DA:222,0
DA:225,0
LF:84
LH:8
BRDA:2,0,0,0
BRDA:2,0,1,0
BRDA:3,1,0,0
BRDA:3,1,1,0
BRDA:6,2,0,0
BRDA:6,2,1,0
BRDA:7,3,0,0
BRDA:7,3,1,0
BRDA:13,4,0,0
BRDA:13,4,1,0
BRDA:13,5,0,0
BRDA:13,5,1,0
BRDA:25,6,0,0
BRDA:25,6,1,0
BRDA:26,7,0,0
BRDA:26,7,1,0
BRDA:27,8,0,0
BRDA:27,8,1,0
BRDA:33,9,0,0
BRDA:33,9,1,0
BRDA:36,10,0,0
BRDA:36,10,1,0
BRDA:46,11,0,0
BRDA:46,11,1,0
BRDA:48,12,0,0
BRDA:48,12,1,0
BRDA:49,13,0,0
BRDA:49,13,1,0
BRDA:50,14,0,0
BRDA:50,14,1,0
BRDA:51,15,0,0
BRDA:51,15,1,0
BRDA:52,16,0,0
BRDA:52,16,1,0
BRDA:53,17,0,0
BRDA:53,17,1,0
BRDA:65,18,0,0
BRDA:65,18,1,0
BRDA:79,19,0,0
BRDA:79,19,1,0
BRDA:90,20,0,0
BRDA:90,20,1,0
BRDA:90,21,0,0
BRDA:90,21,1,0
BRDA:95,22,0,0
BRDA:95,22,1,0
BRDA:102,23,0,0
BRDA:102,23,1,0
BRDA:116,24,0,0
BRDA:116,24,1,0
BRDA:116,25,0,0
BRDA:116,25,1,0
BRDA:122,26,0,0
BRDA:122,26,1,0
BRDA:138,27,0,0
BRDA:138,27,1,0
BRDA:139,28,0,0
BRDA:139,28,1,0
BRDA:142,29,0,0
BRDA:142,29,1,0
BRDA:142,30,0,0
BRDA:142,30,1,0
BRDA:149,31,0,0
BRDA:149,31,1,0
BRDA:149,32,0,0
BRDA:149,32,1,0
BRDA:156,33,0,0
BRDA:156,33,1,0
BRDA:156,34,0,0
BRDA:156,34,1,0
BRDA:180,35,0,0
BRDA:181,36,0,0
BRDA:181,36,1,0
BRDA:183,37,0,0
BRDA:183,37,1,0
BRDA:183,37,2,0
BRDA:183,37,3,0
BRDA:183,37,4,0
BRDA:183,37,5,0
BRDA:183,37,6,0
BRDA:183,37,7,0
BRDA:187,38,0,0
BRDA:187,38,1,0
BRDA:188,39,0,0
BRDA:188,39,1,0
BRDA:189,40,0,0
BRDA:189,40,1,0
BRDA:190,41,0,0
BRDA:190,41,1,0
BRDA:191,42,0,0
BRDA:191,42,1,0
BRDA:216,43,0,0
BRDA:216,43,1,0
BRDA:218,44,0,0
BRDA:218,44,1,0
BRDA:219,45,0,0
BRDA:219,45,1,0
BRDA:221,46,0,0
BRDA:221,46,1,0
BRF:99
BRH:0
end_of_record
TN:
SF:src/utils/debugLog.js
FN:13,(anonymous_0)
FN:39,(anonymous_1)
FN:64,(anonymous_2)
FN:89,(anonymous_3)
FN:113,(anonymous_4)
FN:126,(anonymous_5)
FNF:6
FNH:0
FNDA:0,(anonymous_0)
FNDA:0,(anonymous_1)
FNDA:0,(anonymous_2)
FNDA:0,(anonymous_3)
FNDA:0,(anonymous_4)
FNDA:0,(anonymous_5)
DA:13,1
DA:15,0
DA:16,0
DA:23,0
DA:25,0
DA:26,0
DA:28,0
DA:39,1
DA:40,0
DA:41,0
DA:48,0
DA:50,0
DA:51,0
DA:53,0
DA:64,1
DA:65,0
DA:66,0
DA:73,0
DA:75,0
DA:76,0
DA:78,0
DA:89,1
DA:90,0
DA:91,0
DA:98,0
DA:100,0
DA:101,0
DA:103,0
DA:113,1
DA:114,0
DA:115,0
DA:116,0
DA:117,0
DA:126,1
DA:127,0
DA:128,0
DA:129,0
DA:130,0
DA:135,1
LF:39
LH:7
BRDA:13,0,0,0
BRDA:15,1,0,0
BRDA:15,1,1,0
BRDA:25,2,0,0
BRDA:25,2,1,0
BRDA:39,3,0,0
BRDA:40,4,0,0
BRDA:40,4,1,0
BRDA:50,5,0,0
BRDA:50,5,1,0
BRDA:64,6,0,0
BRDA:65,7,0,0
BRDA:65,7,1,0
BRDA:75,8,0,0
BRDA:75,8,1,0
BRDA:89,9,0,0
BRDA:90,10,0,0
BRDA:90,10,1,0
BRDA:100,11,0,0
BRDA:100,11,1,0
BRDA:114,12,0,0
BRDA:114,12,1,0
BRDA:127,13,0,0
BRDA:127,13,1,0
BRF:24
BRH:0
end_of_record
TN:
SF:src/utils/formatters.js
FN:17,(anonymous_0)
FN:41,(anonymous_1)
FN:61,(anonymous_2)
FNF:3
FNH:3
FNDA:20,(anonymous_0)
FNDA:11,(anonymous_1)
FNDA:18,(anonymous_2)
DA:17,2
DA:18,20
DA:20,20
DA:21,20
DA:22,20
DA:41,2
DA:42,11
DA:61,2
DA:62,18
LF:9
LH:9
BRDA:17,0,0,11
BRDA:41,1,0,10
BRDA:42,2,0,8
BRDA:42,2,1,3
BRDA:62,3,0,18
BRDA:62,3,1,3
BRF:6
BRH:6
end_of_record
TN:
SF:src/utils/milestoneUtils.js
FN:1,(anonymous_0)
FN:2,(anonymous_1)
FN:3,(anonymous_2)
FN:5,(anonymous_3)
FN:17,(anonymous_4)
FNF:5
FNH:0
FNDA:0,(anonymous_0)
FNDA:0,(anonymous_1)
FNDA:0,(anonymous_2)
FNDA:0,(anonymous_3)
FNDA:0,(anonymous_4)
DA:1,0
DA:2,0
DA:3,0
DA:5,0
DA:6,0
DA:7,0
DA:9,0
DA:10,0
DA:11,0
DA:14,0
DA:17,0
DA:18,0
DA:19,0
DA:22,0
LF:14
LH:0
BRDA:1,0,0,0
BRDA:2,1,0,0
BRDA:2,1,1,0
BRDA:3,2,0,0
BRDA:3,2,1,0
BRDA:6,3,0,0
BRDA:6,3,1,0
BRDA:7,4,0,0
BRDA:7,4,1,0
BRDA:9,5,0,0
BRDA:9,5,1,0
BRDA:11,6,0,0
BRDA:11,6,1,0
BRDA:18,7,0,0
BRDA:18,7,1,0
BRDA:19,8,0,0
BRDA:19,8,1,0
BRF:17
BRH:0
end_of_record
TN:
SF:src/utils/notificationHelpers.js
FN:13,(anonymous_0)
FN:74,(anonymous_1)
FN:100,(anonymous_2)
FN:128,(anonymous_3)
FN:157,(anonymous_4)
FN:181,(anonymous_5)
FN:200,(anonymous_6)
FN:222,(anonymous_7)
FN:241,(anonymous_8)
FNF:9
FNH:0
FNDA:0,(anonymous_0)
FNDA:0,(anonymous_1)
FNDA:0,(anonymous_2)
FNDA:0,(anonymous_3)
FNDA:0,(anonymous_4)
FNDA:0,(anonymous_5)
FNDA:0,(anonymous_6)
FNDA:0,(anonymous_7)
FNDA:0,(anonymous_8)
DA:13,1
DA:25,0
DA:26,0
DA:27,0
DA:29,0
DA:30,0
DA:31,0
DA:34,0
DA:51,0
DA:57,0
DA:58,0
DA:59,0
DA:62,0
DA:64,0
DA:65,0
DA:74,1
DA:75,0
DA:76,0
DA:83,0
DA:84,0
DA:85,0
DA:88,0
DA:90,0
DA:91,0
DA:100,1
DA:101,0
DA:102,0
DA:111,0
DA:112,0
DA:113,0
DA:116,0
DA:118,0
DA:119,0
DA:128,1
DA:129,0
DA:130,0
DA:140,0
DA:141,0
DA:142,0
DA:145,0
DA:147,0
DA:148,0
DA:157,1
DA:158,0
DA:159,0
DA:165,0
DA:166,0
DA:167,0
DA:170,0
DA:172,0
DA:173,0
DA:181,1
DA:182,0
DA:200,1
DA:201,0
DA:222,1
DA:223,0
DA:241,1
DA:242,0
DA:256,1
LF:60
LH:10
BRDA:22,0,0,0
BRDA:23,1,0,0
BRDA:29,2,0,0
BRDA:29,2,1,0
BRDA:57,3,0,0
BRDA:57,3,1,0
BRDA:83,4,0,0
BRDA:83,4,1,0
BRDA:88,5,0,0
BRDA:88,5,1,0
BRDA:111,6,0,0
BRDA:111,6,1,0
BRDA:140,7,0,0
BRDA:140,7,1,0
BRDA:165,8,0,0
BRDA:165,8,1,0
BRDA:170,9,0,0
BRDA:170,9,1,0
BRF:18
BRH:0
end_of_record
TN:
SF:src/utils/roleValidation.js
FN:16,(anonymous_0)
FN:26,(anonymous_1)
FN:65,(anonymous_2)
FN:71,(anonymous_3)
FN:72,(anonymous_4)
FN:73,(anonymous_5)
FN:74,(anonymous_6)
FN:77,(anonymous_7)
FN:78,(anonymous_8)
FN:79,(anonymous_9)
FN:80,(anonymous_10)
FN:81,(anonymous_11)
FN:82,(anonymous_12)
FN:85,(anonymous_13)
FN:98,(anonymous_14)
FN:115,(anonymous_15)
FN:116,(anonymous_16)
FN:117,(anonymous_17)
FN:118,(anonymous_18)
FN:127,(anonymous_19)
FN:129,(anonymous_20)
FN:154,(anonymous_21)
FNF:22
FNH:0
FNDA:0,(anonymous_0)
FNDA:0,(anonymous_1)
FNDA:0,(anonymous_2)
FNDA:0,(anonymous_3)
FNDA:0,(anonymous_4)
FNDA:0,(anonymous_5)
FNDA:0,(anonymous_6)
FNDA:0,(anonymous_7)
FNDA:0,(anonymous_8)
FNDA:0,(anonymous_9)
FNDA:0,(anonymous_10)
FNDA:0,(anonymous_11)
FNDA:0,(anonymous_12)
FNDA:0,(anonymous_13)
FNDA:0,(anonymous_14)
FNDA:0,(anonymous_15)
FNDA:0,(anonymous_16)
FNDA:0,(anonymous_17)
FNDA:0,(anonymous_18)
FNDA:0,(anonymous_19)
FNDA:0,(anonymous_20)
FNDA:0,(anonymous_21)
DA:16,0
DA:17,0
DA:18,0
DA:26,0
DA:27,0
DA:28,0
DA:31,0
DA:34,0
DA:35,0
DA:39,0
DA:40,0
DA:42,0
DA:43,0
DA:52,0
DA:65,0
DA:66,0
DA:67,0
DA:69,0
DA:71,0
DA:72,0
DA:73,0
DA:74,0
DA:77,0
DA:78,0
DA:79,0
DA:80,0
DA:81,0
DA:82,0
DA:86,0
DA:89,0
DA:92,0
DA:93,0
DA:95,0
DA:99,0
DA:102,0
DA:105,0
DA:108,0
DA:109,0
DA:111,0
DA:115,0
DA:116,0
DA:117,0
DA:118,0
DA:127,0
DA:128,0
DA:129,0
DA:134,0
DA:154,0
DA:155,0
DA:157,0
DA:159,0
DA:161,0
DA:163,0
DA:165,0
DA:167,0
DA:169,0
DA:171,0
LF:57
LH:0
BRDA:31,0,0,0
BRDA:31,0,1,0
BRDA:34,1,0,0
BRDA:34,1,1,0
BRDA:39,2,0,0
BRDA:39,2,1,0
BRDA:44,3,0,0
BRDA:44,3,1,0
BRDA:86,4,0,0
BRDA:86,4,1,0
BRDA:89,5,0,0
BRDA:89,5,1,0
BRDA:93,6,0,0
BRDA:93,6,1,0
BRDA:99,7,0,0
BRDA:99,7,1,0
BRDA:102,8,0,0
BRDA:102,8,1,0
BRDA:105,9,0,0
BRDA:105,9,1,0
BRDA:109,10,0,0
BRDA:109,10,1,0
BRDA:109,11,0,0
BRDA:109,11,1,0
BRDA:130,12,0,0
BRDA:130,12,1,0
BRDA:154,13,0,0
BRDA:157,14,0,0
BRDA:157,14,1,0
BRDA:157,14,2,0
BRDA:157,14,3,0
BRDA:157,14,4,0
BRDA:157,14,5,0
BRDA:157,14,6,0
BRF:34
BRH:0
end_of_record
TN:
SF:src/utils/statusHelpers.js
FN:1,(anonymous_0)
FN:11,(anonymous_1)
FN:21,(anonymous_2)
FN:31,(anonymous_3)
FNF:4
FNH:4
FNDA:24,(anonymous_0)
FNDA:8,(anonymous_1)
FNDA:7,(anonymous_2)
FNDA:9,(anonymous_3)
DA:1,1
DA:2,24
DA:3,15
DA:5,9
DA:6,6
DA:8,3
DA:11,1
DA:12,8
DA:13,1
DA:14,1
DA:15,1
DA:16,1
DA:17,4
DA:21,1
DA:22,7
DA:23,1
DA:24,1
DA:25,1
DA:26,1
DA:27,3
DA:31,1
DA:32,9
DA:34,9
DA:35,2
DA:36,2
DA:37,2
DA:38,3
LF:27
LH:27
BRDA:2,0,0,15
BRDA:2,0,1,9
BRDA:2,1,0,24
BRDA:2,1,1,15
BRDA:3,2,0,5
BRDA:3,2,1,10
BRDA:3,3,0,5
BRDA:3,3,1,5
BRDA:5,4,0,6
BRDA:5,4,1,3
BRDA:6,5,0,3
BRDA:6,5,1,3
BRDA:12,6,0,1
BRDA:12,6,1,1
BRDA:12,6,2,1
BRDA:12,6,3,1
BRDA:12,6,4,4
BRDA:22,7,0,1
BRDA:22,7,1,1
BRDA:22,7,2,1
BRDA:22,7,3,1
BRDA:22,7,4,3
BRDA:34,8,0,2
BRDA:34,8,1,2
BRDA:34,8,2,2
BRDA:34,8,3,3
BRF:26
BRH:26
end_of_record
